TN:
SF:alerts_notification_manager.js
FN:11,(anonymous_0)
FN:26,(anonymous_1)
FN:35,(anonymous_2)
FN:40,(anonymous_3)
FN:41,(anonymous_4)
FN:48,(anonymous_5)
FN:74,(anonymous_6)
FN:98,(anonymous_7)
FN:102,(anonymous_8)
FN:127,(anonymous_9)
FN:129,(anonymous_10)
FN:130,(anonymous_11)
FN:139,(anonymous_12)
FN:149,(anonymous_13)
FN:196,(anonymous_14)
FN:206,(anonymous_15)
FN:213,(anonymous_16)
FN:230,(anonymous_17)
FN:236,(anonymous_18)
FN:249,(anonymous_19)
FN:253,(anonymous_20)
FN:258,(anonymous_21)
FN:269,(anonymous_22)
FN:292,(anonymous_23)
FNF:24
FNH:12
FNDA:1,(anonymous_0)
FNDA:6,(anonymous_1)
FNDA:1,(anonymous_2)
FNDA:1,(anonymous_3)
FNDA:0,(anonymous_4)
FNDA:28,(anonymous_5)
FNDA:0,(anonymous_6)
FNDA:0,(anonymous_7)
FNDA:0,(anonymous_8)
FNDA:0,(anonymous_9)
FNDA:0,(anonymous_10)
FNDA:0,(anonymous_11)
FNDA:0,(anonymous_12)
FNDA:0,(anonymous_13)
FNDA:0,(anonymous_14)
FNDA:0,(anonymous_15)
FNDA:2,(anonymous_16)
FNDA:0,(anonymous_17)
FNDA:29,(anonymous_18)
FNDA:3,(anonymous_19)
FNDA:2,(anonymous_20)
FNDA:2,(anonymous_21)
FNDA:3,(anonymous_22)
FNDA:1,(anonymous_23)
DA:6,1
DA:7,1
DA:8,1
DA:13,1
DA:16,1
DA:17,1
DA:20,1
DA:21,1
DA:22,1
DA:27,6
DA:31,6
DA:36,1
DA:41,1
DA:49,28
DA:50,28
DA:52,28
DA:53,6
DA:54,6
DA:57,22
DA:58,22
DA:60,0
DA:61,0
DA:62,0
DA:65,22
DA:66,2
DA:69,20
DA:70,20
DA:75,0
DA:76,0
DA:79,0
DA:80,0
DA:82,0
DA:84,0
DA:86,0
DA:88,0
DA:90,0
DA:93,0
DA:99,0
DA:100,0
DA:102,0
DA:103,0
DA:112,0
DA:123,0
DA:124,0
DA:127,0
DA:128,0
DA:129,0
DA:130,0
DA:131,0
DA:139,0
DA:140,0
DA:143,0
DA:144,0
DA:150,0
DA:157,0
DA:164,0
DA:181,0
DA:182,0
DA:189,0
DA:198,0
DA:199,0
DA:207,0
DA:208,0
DA:209,0
DA:215,2
DA:216,0
DA:217,0
DA:221,2
DA:223,2
DA:224,2
DA:225,0
DA:226,0
DA:229,2
DA:230,0
DA:237,29
DA:243,29
DA:244,0
DA:250,3
DA:252,3
DA:253,2
DA:256,3
DA:257,1
DA:258,2
DA:261,3
DA:262,1
DA:265,3
DA:270,3
DA:277,3
DA:279,3
DA:280,6
DA:281,6
DA:283,6
DA:284,5
DA:288,3
DA:294,1
DA:295,0
DA:303,1
DA:304,0
DA:311,1
DA:319,1
DA:320,1
DA:322,1
LF:102
LH:54
BRDA:52,0,0,6
BRDA:52,0,1,22
BRDA:58,1,0,0
BRDA:58,1,1,22
BRDA:65,2,0,2
BRDA:65,2,1,20
BRDA:75,3,0,0
BRDA:75,3,1,0
BRDA:80,4,0,0
BRDA:80,4,1,0
BRDA:80,4,2,0
BRDA:80,4,3,0
BRDA:80,4,4,0
BRDA:100,5,0,0
BRDA:100,5,1,0
BRDA:114,6,0,0
BRDA:114,6,1,0
BRDA:114,7,0,0
BRDA:114,7,1,0
BRDA:123,8,0,0
BRDA:123,8,1,0
BRDA:132,9,0,0
BRDA:132,9,1,0
BRDA:165,10,0,0
BRDA:165,10,1,0
BRDA:167,11,0,0
BRDA:167,11,1,0
BRDA:169,12,0,0
BRDA:169,12,1,0
BRDA:174,13,0,0
BRDA:174,13,1,0
BRDA:181,14,0,0
BRDA:181,14,1,0
BRDA:207,15,0,0
BRDA:207,15,1,0
BRDA:207,16,0,0
BRDA:207,16,1,0
BRDA:215,17,0,0
BRDA:215,17,1,2
BRDA:243,18,0,0
BRDA:243,18,1,29
BRDA:249,19,0,0
BRDA:252,20,0,1
BRDA:252,20,1,2
BRDA:256,21,0,1
BRDA:256,21,1,2
BRDA:261,22,0,1
BRDA:261,22,1,2
BRDA:280,23,0,6
BRDA:280,23,1,0
BRDA:283,24,0,5
BRDA:283,24,1,1
BRDA:294,25,0,0
BRDA:294,25,1,1
BRDA:298,26,0,0
BRDA:298,26,1,0
BRDA:303,27,0,0
BRDA:303,27,1,1
BRF:58
BRH:18
end_of_record
TN:
SF:metrics_manager.js
FN:7,(anonymous_0)
FN:25,(anonymous_1)
FN:32,(anonymous_2)
FN:37,(anonymous_3)
FN:43,(anonymous_4)
FN:50,(anonymous_5)
FN:59,(anonymous_6)
FN:66,(anonymous_7)
FN:71,(anonymous_8)
FN:76,(anonymous_9)
FN:81,(anonymous_10)
FN:85,(anonymous_11)
FN:87,(anonymous_12)
FN:93,(anonymous_13)
FN:116,(anonymous_14)
FN:117,(anonymous_15)
FN:148,(anonymous_16)
FN:154,(anonymous_17)
FN:172,(anonymous_18)
FN:173,(anonymous_19)
FNF:20
FNH:17
FNDA:24,(anonymous_0)
FNDA:20,(anonymous_1)
FNDA:5,(anonymous_2)
FNDA:1,(anonymous_3)
FNDA:1,(anonymous_4)
FNDA:5,(anonymous_5)
FNDA:4,(anonymous_6)
FNDA:3,(anonymous_7)
FNDA:2,(anonymous_8)
FNDA:2,(anonymous_9)
FNDA:2,(anonymous_10)
FNDA:34,(anonymous_11)
FNDA:111,(anonymous_12)
FNDA:17,(anonymous_13)
FNDA:0,(anonymous_14)
FNDA:5,(anonymous_15)
FNDA:30,(anonymous_16)
FNDA:2,(anonymous_17)
FNDA:0,(anonymous_18)
FNDA:0,(anonymous_19)
DA:9,24
DA:12,24
DA:15,24
DA:18,24
DA:26,20
DA:27,20
DA:28,20
DA:33,5
DA:34,5
DA:38,1
DA:39,1
DA:40,1
DA:44,1
DA:45,1
DA:46,1
DA:51,5
DA:52,5
DA:53,5
DA:55,5
DA:60,4
DA:61,4
DA:62,4
DA:67,3
DA:72,2
DA:77,2
DA:82,2
DA:86,34
DA:87,111
DA:89,34
DA:94,17
DA:97,17
DA:98,17
DA:99,17
DA:102,17
DA:103,18
DA:104,18
DA:108,17
DA:109,5
DA:110,5
DA:114,17
DA:115,5
DA:116,5
DA:117,5
DA:118,5
DA:119,5
DA:120,5
DA:121,5
DA:122,5
DA:123,5
DA:124,5
DA:126,5
DA:127,5
DA:128,5
DA:129,5
DA:130,5
DA:131,5
DA:132,5
DA:133,5
DA:134,5
DA:135,5
DA:136,5
DA:137,5
DA:138,5
DA:139,5
DA:140,5
DA:141,5
DA:142,5
DA:145,17
DA:150,30
DA:155,2
DA:162,2
DA:163,2
DA:166,2
DA:167,0
DA:170,2
DA:171,0
DA:172,0
DA:173,0
DA:174,0
DA:175,0
DA:187,2
DA:192,24
DA:194,24
LF:83
LH:77
BRDA:25,0,0,0
BRDA:25,1,0,13
BRDA:27,2,0,20
BRDA:27,2,1,20
BRDA:32,3,0,0
BRDA:37,4,0,0
BRDA:37,5,0,0
BRDA:39,6,0,1
BRDA:39,6,1,0
BRDA:43,7,0,0
BRDA:43,8,0,0
BRDA:45,9,0,1
BRDA:45,9,1,0
BRDA:50,10,0,0
BRDA:52,11,0,5
BRDA:52,11,1,0
BRDA:115,12,0,0
BRDA:115,12,1,5
BRDA:171,13,0,0
BRDA:171,13,1,0
BRF:20
BRH:7
end_of_record
TN:
SF:server.js
FN:35,(anonymous_0)
FN:40,(anonymous_1)
FN:62,parseBody
FN:63,(anonymous_3)
FN:65,(anonymous_4)
FN:66,(anonymous_5)
FN:75,sendJSON
FN:81,sendHTML
FN:87,handleRequest
FN:106,(anonymous_9)
FN:122,(anonymous_10)
FN:698,(anonymous_11)
FN:931,(anonymous_12)
FN:968,(anonymous_13)
FNF:14
FNH:0
FNDA:0,(anonymous_0)
FNDA:0,(anonymous_1)
FNDA:0,parseBody
FNDA:0,(anonymous_3)
FNDA:0,(anonymous_4)
FNDA:0,(anonymous_5)
FNDA:0,sendJSON
FNDA:0,sendHTML
FNDA:0,handleRequest
FNDA:0,(anonymous_9)
FNDA:0,(anonymous_10)
FNDA:0,(anonymous_11)
FNDA:0,(anonymous_12)
FNDA:0,(anonymous_13)
DA:8,0
DA:9,0
DA:10,0
DA:11,0
DA:14,0
DA:15,0
DA:16,0
DA:17,0
DA:18,0
DA:19,0
DA:20,0
DA:21,0
DA:24,0
DA:25,0
DA:26,0
DA:27,0
DA:28,0
DA:29,0
DA:30,0
DA:33,0
DA:36,0
DA:37,0
DA:41,0
DA:42,0
DA:47,0
DA:50,0
DA:63,0
DA:64,0
DA:65,0
DA:66,0
DA:67,0
DA:68,0
DA:70,0
DA:76,0
DA:77,0
DA:82,0
DA:83,0
DA:88,0
DA:89,0
DA:90,0
DA:91,0
DA:94,0
DA:95,0
DA:96,0
DA:98,0
DA:99,0
DA:100,0
DA:101,0
DA:105,0
DA:106,0
DA:107,0
DA:109,0
DA:110,0
DA:112,0
DA:113,0
DA:117,0
DA:119,0
DA:120,0
DA:122,0
DA:123,0
DA:124,0
DA:125,0
DA:127,0
DA:128,0
DA:129,0
DA:132,0
DA:134,0
DA:135,0
DA:139,0
DA:140,0
DA:141,0
DA:142,0
DA:143,0
DA:147,0
DA:148,0
DA:149,0
DA:150,0
DA:151,0
DA:159,0
DA:161,0
DA:163,0
DA:167,0
DA:168,0
DA:169,0
DA:170,0
DA:171,0
DA:176,0
DA:178,0
DA:180,0
DA:184,0
DA:185,0
DA:186,0
DA:187,0
DA:188,0
DA:189,0
DA:191,0
DA:192,0
DA:193,0
DA:194,0
DA:195,0
DA:196,0
DA:197,0
DA:199,0
DA:206,0
DA:208,0
DA:210,0
DA:214,0
DA:215,0
DA:216,0
DA:217,0
DA:219,0
DA:220,0
DA:221,0
DA:222,0
DA:223,0
DA:224,0
DA:225,0
DA:228,0
DA:230,0
DA:232,0
DA:236,0
DA:237,0
DA:238,0
DA:239,0
DA:247,0
DA:248,0
DA:249,0
DA:251,0
DA:253,0
DA:257,0
DA:258,0
DA:259,0
DA:260,0
DA:261,0
DA:262,0
DA:263,0
DA:265,0
DA:268,0
DA:270,0
DA:274,0
DA:275,0
DA:276,0
DA:277,0
DA:278,0
DA:280,0
DA:282,0
DA:288,0
DA:289,0
DA:290,0
DA:291,0
DA:292,0
DA:296,0
DA:297,0
DA:298,0
DA:299,0
DA:300,0
DA:301,0
DA:302,0
DA:305,0
DA:307,0
DA:315,0
DA:317,0
DA:319,0
DA:323,0
DA:324,0
DA:325,0
DA:326,0
DA:327,0
DA:329,0
DA:331,0
DA:335,0
DA:336,0
DA:337,0
DA:339,0
DA:340,0
DA:341,0
DA:345,0
DA:346,0
DA:347,0
DA:348,0
DA:349,0
DA:351,0
DA:353,0
DA:357,0
DA:358,0
DA:359,0
DA:360,0
DA:361,0
DA:362,0
DA:364,0
DA:366,0
DA:370,0
DA:371,0
DA:372,0
DA:373,0
DA:378,0
DA:379,0
DA:381,0
DA:382,0
DA:383,0
DA:384,0
DA:387,0
DA:388,0
DA:390,0
DA:391,0
DA:392,0
DA:395,0
DA:396,0
DA:397,0
DA:399,0
DA:402,0
DA:404,0
DA:409,0
DA:410,0
DA:412,0
DA:413,0
DA:414,0
DA:415,0
DA:416,0
DA:419,0
DA:420,0
DA:421,0
DA:423,0
DA:425,0
DA:429,0
DA:430,0
DA:431,0
DA:432,0
DA:433,0
DA:435,0
DA:436,0
DA:438,0
DA:444,0
DA:445,0
DA:446,0
DA:447,0
DA:451,0
DA:452,0
DA:453,0
DA:454,0
DA:455,0
DA:456,0
DA:458,0
DA:461,0
DA:463,0
DA:467,0
DA:468,0
DA:469,0
DA:470,0
DA:472,0
DA:473,0
DA:474,0
DA:477,0
DA:478,0
DA:480,0
DA:481,0
DA:483,0
DA:484,0
DA:485,0
DA:486,0
DA:490,0
DA:498,0
DA:499,0
DA:500,0
DA:502,0
DA:506,0
DA:514,0
DA:516,0
DA:522,0
DA:523,0
DA:524,0
DA:525,0
DA:529,0
DA:530,0
DA:531,0
DA:532,0
DA:533,0
DA:535,0
DA:537,0
DA:541,0
DA:542,0
DA:543,0
DA:544,0
DA:545,0
DA:546,0
DA:548,0
DA:550,0
DA:554,0
DA:555,0
DA:556,0
DA:557,0
DA:558,0
DA:559,0
DA:560,0
DA:562,0
DA:565,0
DA:567,0
DA:571,0
DA:572,0
DA:573,0
DA:574,0
DA:575,0
DA:577,0
DA:579,0
DA:583,0
DA:584,0
DA:585,0
DA:586,0
DA:587,0
DA:592,0
DA:593,0
DA:594,0
DA:595,0
DA:597,0
DA:600,0
DA:602,0
DA:606,0
DA:607,0
DA:608,0
DA:609,0
DA:610,0
DA:614,0
DA:615,0
DA:616,0
DA:617,0
DA:618,0
DA:619,0
DA:621,0
DA:623,0
DA:627,0
DA:628,0
DA:629,0
DA:630,0
DA:631,0
DA:632,0
DA:634,0
DA:636,0
DA:640,0
DA:641,0
DA:642,0
DA:643,0
DA:649,0
DA:650,0
DA:651,0
DA:666,0
DA:668,0
DA:669,0
DA:671,0
DA:673,0
DA:674,0
DA:678,0
DA:679,0
DA:680,0
DA:681,0
DA:685,0
DA:686,0
DA:687,0
DA:688,0
DA:689,0
DA:691,0
DA:693,0
DA:697,0
DA:698,0
DA:699,0
DA:700,0
DA:701,0
DA:702,0
DA:706,0
DA:707,0
DA:708,0
DA:709,0
DA:713,0
DA:714,0
DA:715,0
DA:716,0
DA:717,0
DA:719,0
DA:721,0
DA:725,0
DA:726,0
DA:727,0
DA:728,0
DA:729,0
DA:730,0
DA:731,0
DA:733,0
DA:736,0
DA:738,0
DA:742,0
DA:743,0
DA:744,0
DA:745,0
DA:746,0
DA:748,0
DA:750,0
DA:754,0
DA:755,0
DA:756,0
DA:757,0
DA:761,0
DA:762,0
DA:763,0
DA:764,0
DA:765,0
DA:767,0
DA:769,0
DA:773,0
DA:774,0
DA:775,0
DA:776,0
DA:780,0
DA:781,0
DA:782,0
DA:783,0
DA:784,0
DA:786,0
DA:788,0
DA:792,0
DA:793,0
DA:794,0
DA:795,0
DA:797,0
DA:799,0
DA:803,0
DA:804,0
DA:805,0
DA:806,0
DA:812,0
DA:813,0
DA:814,0
DA:815,0
DA:819,0
DA:820,0
DA:821,0
DA:822,0
DA:823,0
DA:825,0
DA:827,0
DA:831,0
DA:832,0
DA:833,0
DA:834,0
DA:835,0
DA:836,0
DA:837,0
DA:839,0
DA:841,0
DA:843,0
DA:845,0
DA:849,0
DA:850,0
DA:851,0
DA:852,0
DA:853,0
DA:855,0
DA:857,0
DA:863,0
DA:864,0
DA:865,0
DA:866,0
DA:870,0
DA:871,0
DA:872,0
DA:873,0
DA:874,0
DA:876,0
DA:878,0
DA:882,0
DA:883,0
DA:884,0
DA:885,0
DA:886,0
DA:890,0
DA:891,0
DA:892,0
DA:893,0
DA:894,0
DA:895,0
DA:896,0
DA:897,0
DA:898,0
DA:902,0
DA:903,0
DA:904,0
DA:905,0
DA:909,0
DA:910,0
DA:911,0
DA:912,0
DA:913,0
DA:914,0
DA:916,0
DA:918,0
DA:924,0
DA:925,0
DA:929,0
DA:930,0
DA:931,0
DA:932,0
DA:933,0
DA:934,0
DA:935,0
DA:937,0
DA:939,0
DA:943,0
DA:944,0
DA:945,0
DA:949,0
DA:950,0
DA:951,0
DA:952,0
DA:953,0
DA:957,0
DA:958,0
DA:962,0
DA:963,0
DA:966,0
DA:968,0
DA:969,0
DA:970,0
DA:971,0
DA:972,0
DA:973,0
DA:974,0
DA:975,0
DA:976,0
DA:979,0
LF:527
LH:0
BRDA:67,0,0,0
BRDA:67,0,1,0
BRDA:98,1,0,0
BRDA:98,1,1,0
BRDA:109,2,0,0
BRDA:109,2,1,0
BRDA:117,3,0,0
BRDA:117,3,1,0
BRDA:119,4,0,0
BRDA:119,4,1,0
BRDA:119,5,0,0
BRDA:119,5,1,0
BRDA:123,6,0,0
BRDA:123,6,1,0
BRDA:125,7,0,0
BRDA:125,7,1,0
BRDA:127,8,0,0
BRDA:127,8,1,0
BRDA:139,9,0,0
BRDA:139,9,1,0
BRDA:139,10,0,0
BRDA:139,10,1,0
BRDA:140,11,0,0
BRDA:140,11,1,0
BRDA:147,12,0,0
BRDA:147,12,1,0
BRDA:147,13,0,0
BRDA:147,13,1,0
BRDA:150,14,0,0
BRDA:150,14,1,0
BRDA:167,15,0,0
BRDA:167,15,1,0
BRDA:167,16,0,0
BRDA:167,16,1,0
BRDA:170,17,0,0
BRDA:170,17,1,0
BRDA:184,18,0,0
BRDA:184,18,1,0
BRDA:184,19,0,0
BRDA:184,19,1,0
BRDA:187,20,0,0
BRDA:187,20,1,0
BRDA:195,21,0,0
BRDA:195,21,1,0
BRDA:214,22,0,0
BRDA:214,22,1,0
BRDA:214,23,0,0
BRDA:214,23,1,0
BRDA:217,24,0,0
BRDA:217,24,1,0
BRDA:219,25,0,0
BRDA:219,25,1,0
BRDA:221,26,0,0
BRDA:221,26,1,0
BRDA:222,27,0,0
BRDA:222,27,1,0
BRDA:236,28,0,0
BRDA:236,28,1,0
BRDA:236,29,0,0
BRDA:236,29,1,0
BRDA:243,30,0,0
BRDA:243,30,1,0
BRDA:244,31,0,0
BRDA:244,31,1,0
BRDA:245,32,0,0
BRDA:245,32,1,0
BRDA:257,33,0,0
BRDA:257,33,1,0
BRDA:257,34,0,0
BRDA:257,34,1,0
BRDA:262,35,0,0
BRDA:262,35,1,0
BRDA:274,36,0,0
BRDA:274,36,1,0
BRDA:274,37,0,0
BRDA:274,37,1,0
BRDA:277,38,0,0
BRDA:277,38,1,0
BRDA:288,39,0,0
BRDA:288,39,1,0
BRDA:288,40,0,0
BRDA:288,40,1,0
BRDA:296,41,0,0
BRDA:296,41,1,0
BRDA:296,42,0,0
BRDA:296,42,1,0
BRDA:299,43,0,0
BRDA:299,44,0,0
BRDA:299,45,0,0
BRDA:300,46,0,0
BRDA:300,46,1,0
BRDA:300,47,0,0
BRDA:300,47,1,0
BRDA:300,47,2,0
BRDA:313,48,0,0
BRDA:313,48,1,0
BRDA:323,49,0,0
BRDA:323,49,1,0
BRDA:323,50,0,0
BRDA:323,50,1,0
BRDA:326,51,0,0
BRDA:326,51,1,0
BRDA:335,52,0,0
BRDA:335,52,1,0
BRDA:335,53,0,0
BRDA:335,53,1,0
BRDA:340,54,0,0
BRDA:340,54,1,0
BRDA:345,55,0,0
BRDA:345,55,1,0
BRDA:345,56,0,0
BRDA:345,56,1,0
BRDA:357,57,0,0
BRDA:357,57,1,0
BRDA:357,58,0,0
BRDA:357,58,1,0
BRDA:370,59,0,0
BRDA:370,59,1,0
BRDA:370,60,0,0
BRDA:370,60,1,0
BRDA:378,61,0,0
BRDA:378,61,1,0
BRDA:378,62,0,0
BRDA:378,62,1,0
BRDA:381,63,0,0
BRDA:381,63,1,0
BRDA:382,64,0,0
BRDA:382,64,1,0
BRDA:382,65,0,0
BRDA:382,65,1,0
BRDA:390,66,0,0
BRDA:390,66,1,0
BRDA:390,67,0,0
BRDA:390,67,1,0
BRDA:396,68,0,0
BRDA:396,68,1,0
BRDA:409,69,0,0
BRDA:409,69,1,0
BRDA:409,70,0,0
BRDA:409,70,1,0
BRDA:412,71,0,0
BRDA:412,71,1,0
BRDA:413,72,0,0
BRDA:413,72,1,0
BRDA:414,73,0,0
BRDA:414,73,1,0
BRDA:414,74,0,0
BRDA:414,74,1,0
BRDA:429,75,0,0
BRDA:429,75,1,0
BRDA:429,76,0,0
BRDA:429,76,1,0
BRDA:444,77,0,0
BRDA:444,77,1,0
BRDA:444,78,0,0
BRDA:444,78,1,0
BRDA:451,79,0,0
BRDA:451,79,1,0
BRDA:451,80,0,0
BRDA:451,80,1,0
BRDA:454,81,0,0
BRDA:454,81,1,0
BRDA:467,82,0,0
BRDA:467,82,1,0
BRDA:467,83,0,0
BRDA:467,83,1,0
BRDA:472,84,0,0
BRDA:472,84,1,0
BRDA:484,85,0,0
BRDA:484,85,1,0
BRDA:522,86,0,0
BRDA:522,86,1,0
BRDA:522,87,0,0
BRDA:522,87,1,0
BRDA:529,88,0,0
BRDA:529,88,1,0
BRDA:529,89,0,0
BRDA:529,89,1,0
BRDA:541,90,0,0
BRDA:541,90,1,0
BRDA:541,91,0,0
BRDA:541,91,1,0
BRDA:544,92,0,0
BRDA:544,92,1,0
BRDA:554,93,0,0
BRDA:554,93,1,0
BRDA:554,94,0,0
BRDA:554,94,1,0
BRDA:559,95,0,0
BRDA:559,95,1,0
BRDA:571,96,0,0
BRDA:571,96,1,0
BRDA:571,97,0,0
BRDA:571,97,1,0
BRDA:574,98,0,0
BRDA:574,98,1,0
BRDA:583,99,0,0
BRDA:583,99,1,0
BRDA:583,100,0,0
BRDA:583,100,1,0
BRDA:589,101,0,0
BRDA:589,101,1,0
BRDA:592,102,0,0
BRDA:592,102,1,0
BRDA:606,103,0,0
BRDA:606,103,1,0
BRDA:606,104,0,0
BRDA:606,104,1,0
BRDA:614,105,0,0
BRDA:614,105,1,0
BRDA:614,106,0,0
BRDA:614,106,1,0
BRDA:618,107,0,0
BRDA:618,107,1,0
BRDA:627,108,0,0
BRDA:627,108,1,0
BRDA:627,109,0,0
BRDA:627,109,1,0
BRDA:631,110,0,0
BRDA:631,110,1,0
BRDA:640,111,0,0
BRDA:640,111,1,0
BRDA:640,112,0,0
BRDA:640,112,1,0
BRDA:649,113,0,0
BRDA:649,113,1,0
BRDA:649,114,0,0
BRDA:649,114,1,0
BRDA:652,115,0,0
BRDA:652,115,1,0
BRDA:653,116,0,0
BRDA:653,116,1,0
BRDA:654,117,0,0
BRDA:654,117,1,0
BRDA:655,118,0,0
BRDA:655,118,1,0
BRDA:656,119,0,0
BRDA:656,119,1,0
BRDA:657,120,0,0
BRDA:657,120,1,0
BRDA:658,121,0,0
BRDA:658,121,1,0
BRDA:659,122,0,0
BRDA:659,122,1,0
BRDA:660,123,0,0
BRDA:660,123,1,0
BRDA:661,124,0,0
BRDA:661,124,1,0
BRDA:662,125,0,0
BRDA:662,125,1,0
BRDA:668,126,0,0
BRDA:668,126,1,0
BRDA:678,127,0,0
BRDA:678,127,1,0
BRDA:678,128,0,0
BRDA:678,128,1,0
BRDA:685,129,0,0
BRDA:685,129,1,0
BRDA:685,130,0,0
BRDA:685,130,1,0
BRDA:697,131,0,0
BRDA:697,131,1,0
BRDA:697,132,0,0
BRDA:697,132,1,0
BRDA:699,133,0,0
BRDA:699,133,1,0
BRDA:706,134,0,0
BRDA:706,134,1,0
BRDA:706,135,0,0
BRDA:706,135,1,0
BRDA:713,136,0,0
BRDA:713,136,1,0
BRDA:713,137,0,0
BRDA:713,137,1,0
BRDA:725,138,0,0
BRDA:725,138,1,0
BRDA:725,139,0,0
BRDA:725,139,1,0
BRDA:730,140,0,0
BRDA:730,140,1,0
BRDA:742,141,0,0
BRDA:742,141,1,0
BRDA:742,142,0,0
BRDA:742,142,1,0
BRDA:745,143,0,0
BRDA:745,143,1,0
BRDA:754,144,0,0
BRDA:754,144,1,0
BRDA:754,145,0,0
BRDA:754,145,1,0
BRDA:761,146,0,0
BRDA:761,146,1,0
BRDA:761,147,0,0
BRDA:761,147,1,0
BRDA:773,148,0,0
BRDA:773,148,1,0
BRDA:773,149,0,0
BRDA:773,149,1,0
BRDA:780,150,0,0
BRDA:780,150,1,0
BRDA:780,151,0,0
BRDA:780,151,1,0
BRDA:792,152,0,0
BRDA:792,152,1,0
BRDA:792,153,0,0
BRDA:792,153,1,0
BRDA:803,154,0,0
BRDA:803,154,1,0
BRDA:803,155,0,0
BRDA:803,155,1,0
BRDA:812,156,0,0
BRDA:812,156,1,0
BRDA:812,157,0,0
BRDA:812,157,1,0
BRDA:819,158,0,0
BRDA:819,158,1,0
BRDA:819,159,0,0
BRDA:819,159,1,0
BRDA:822,160,0,0
BRDA:822,160,1,0
BRDA:822,161,0,0
BRDA:822,161,1,0
BRDA:831,162,0,0
BRDA:831,162,1,0
BRDA:831,163,0,0
BRDA:831,163,1,0
BRDA:834,164,0,0
BRDA:834,164,1,0
BRDA:835,165,0,0
BRDA:835,165,1,0
BRDA:835,166,0,0
BRDA:835,166,1,0
BRDA:836,167,0,0
BRDA:836,167,1,0
BRDA:837,168,0,0
BRDA:837,168,1,0
BRDA:837,169,0,0
BRDA:837,169,1,0
BRDA:839,170,0,0
BRDA:839,170,1,0
BRDA:849,171,0,0
BRDA:849,171,1,0
BRDA:849,172,0,0
BRDA:849,172,1,0
BRDA:852,173,0,0
BRDA:852,173,1,0
BRDA:863,174,0,0
BRDA:863,174,1,0
BRDA:863,175,0,0
BRDA:863,175,1,0
BRDA:870,176,0,0
BRDA:870,176,1,0
BRDA:870,177,0,0
BRDA:870,177,1,0
BRDA:882,178,0,0
BRDA:882,178,1,0
BRDA:882,179,0,0
BRDA:882,179,1,0
BRDA:890,180,0,0
BRDA:890,180,1,0
BRDA:890,181,0,0
BRDA:890,181,1,0
BRDA:893,182,0,0
BRDA:893,182,1,0
BRDA:894,183,0,0
BRDA:894,183,1,0
BRDA:895,184,0,0
BRDA:895,184,1,0
BRDA:902,185,0,0
BRDA:902,185,1,0
BRDA:902,186,0,0
BRDA:902,186,1,0
BRDA:909,187,0,0
BRDA:909,187,1,0
BRDA:909,188,0,0
BRDA:909,188,1,0
BRDA:929,189,0,0
BRDA:929,189,1,0
BRDA:929,190,0,0
BRDA:929,190,1,0
BRDA:932,191,0,0
BRDA:932,191,1,0
BRDA:943,192,0,0
BRDA:943,192,1,0
BRDA:949,193,0,0
BRDA:949,193,1,0
BRDA:962,194,0,0
BRDA:962,194,1,0
BRF:388
BRH:0
end_of_record
TN:
SF:websocket_manager.js
FN:9,(anonymous_0)
FN:23,(anonymous_1)
FN:26,(anonymous_2)
FN:39,(anonymous_3)
FN:48,(anonymous_4)
FN:53,(anonymous_5)
FN:62,(anonymous_6)
FN:94,(anonymous_7)
FN:101,(anonymous_8)
FN:116,(anonymous_9)
FN:124,(anonymous_10)
FN:132,(anonymous_11)
FN:140,(anonymous_12)
FN:148,(anonymous_13)
FN:155,(anonymous_14)
FN:159,(anonymous_15)
FNF:16
FNH:11
FNDA:17,(anonymous_0)
FNDA:0,(anonymous_1)
FNDA:0,(anonymous_2)
FNDA:0,(anonymous_3)
FNDA:0,(anonymous_4)
FNDA:0,(anonymous_5)
FNDA:4,(anonymous_6)
FNDA:1,(anonymous_7)
FNDA:7,(anonymous_8)
FNDA:1,(anonymous_9)
FNDA:1,(anonymous_10)
FNDA:1,(anonymous_11)
FNDA:1,(anonymous_12)
FNDA:1,(anonymous_13)
FNDA:2,(anonymous_14)
FNDA:2,(anonymous_15)
DA:6,17
DA:10,17
DA:11,17
DA:14,17
DA:24,0
DA:26,0
DA:27,0
DA:28,0
DA:30,0
DA:33,0
DA:39,0
DA:40,0
DA:41,0
DA:42,0
DA:44,0
DA:48,0
DA:49,0
DA:50,0
DA:53,0
DA:54,0
DA:55,0
DA:59,0
DA:63,4
DA:64,4
DA:66,0
DA:68,0
DA:69,0
DA:70,0
DA:74,0
DA:76,0
DA:79,0
DA:80,0
DA:81,0
DA:86,0
DA:89,0
DA:90,0
DA:95,1
DA:96,1
DA:97,0
DA:102,7
DA:108,7
DA:109,0
DA:110,0
DA:117,1
DA:125,1
DA:133,1
DA:141,1
DA:149,1
DA:156,2
DA:160,2
DA:161,2
DA:162,0
DA:163,0
DA:166,2
DA:171,17
DA:173,17
LF:56
LH:21
BRDA:64,0,0,4
BRDA:64,0,1,0
BRDA:66,1,0,0
BRDA:66,1,1,0
BRDA:66,1,2,0
BRDA:68,2,0,0
BRDA:68,2,1,0
BRDA:79,3,0,0
BRDA:79,3,1,0
BRDA:96,4,0,0
BRDA:96,4,1,1
BRDA:96,5,0,1
BRDA:96,5,1,0
BRDA:109,6,0,0
BRDA:109,6,1,0
BRDA:109,7,0,0
BRDA:109,7,1,0
BRDA:163,8,0,0
BRDA:163,8,1,0
BRF:19
BRH:3
end_of_record
TN:
SF:auth/ldap_auth.js
FN:12,loadLdapConfig
FN:25,getDefaultConfig
FN:52,getConnection
FN:66,returnConnection
FN:77,authenticate
FN:126,bindClient
FN:127,(anonymous_6)
FN:128,(anonymous_7)
FN:138,searchUser
FN:139,(anonymous_9)
FN:147,(anonymous_10)
FN:154,(anonymous_11)
FN:157,(anonymous_12)
FN:158,(anonymous_13)
FN:159,(anonymous_14)
FN:160,(anonymous_15)
FN:164,(anonymous_16)
FN:165,(anonymous_17)
FN:173,getUserGroups
FN:174,(anonymous_19)
FN:182,(anonymous_20)
FN:189,(anonymous_21)
FN:193,(anonymous_22)
FN:194,(anonymous_23)
FN:202,mapGroupsToRoles
FN:225,getGroups
FN:245,getRoles
FN:257,healthCheck
FN:272,createAuthMiddleware
FN:273,(anonymous_29)
FN:296,getPoolStats
FNF:31
FNH:2
FNDA:1,loadLdapConfig
FNDA:0,getDefaultConfig
FNDA:0,getConnection
FNDA:0,returnConnection
FNDA:2,authenticate
FNDA:0,bindClient
FNDA:0,(anonymous_6)
FNDA:0,(anonymous_7)
FNDA:0,searchUser
FNDA:0,(anonymous_9)
FNDA:0,(anonymous_10)
FNDA:0,(anonymous_11)
FNDA:0,(anonymous_12)
FNDA:0,(anonymous_13)
FNDA:0,(anonymous_14)
FNDA:0,(anonymous_15)
FNDA:0,(anonymous_16)
FNDA:0,(anonymous_17)
FNDA:0,getUserGroups
FNDA:0,(anonymous_19)
FNDA:0,(anonymous_20)
FNDA:0,(anonymous_21)
FNDA:0,(anonymous_22)
FNDA:0,(anonymous_23)
FNDA:0,mapGroupsToRoles
FNDA:0,getGroups
FNDA:0,getRoles
FNDA:0,healthCheck
FNDA:0,createAuthMiddleware
FNDA:0,(anonymous_29)
FNDA:0,getPoolStats
DA:6,1
DA:7,1
DA:8,1
DA:9,1
DA:13,1
DA:14,1
DA:15,1
DA:16,1
DA:17,1
DA:20,0
DA:22,0
DA:26,0
DA:43,1
DA:46,1
DA:47,1
DA:53,0
DA:54,0
DA:56,0
DA:67,0
DA:68,0
DA:70,0
DA:78,2
DA:79,2
DA:82,0
DA:83,0
DA:85,0
DA:88,0
DA:89,0
DA:90,0
DA:94,0
DA:95,0
DA:97,0
DA:101,0
DA:104,0
DA:106,0
DA:116,0
DA:117,0
DA:119,0
DA:127,0
DA:128,0
DA:129,0
DA:130,0
DA:139,0
DA:140,0
DA:141,0
DA:147,0
DA:148,0
DA:149,0
DA:150,0
DA:153,0
DA:154,0
DA:155,0
DA:157,0
DA:158,0
DA:159,0
DA:160,0
DA:164,0
DA:165,0
DA:174,0
DA:175,0
DA:176,0
DA:182,0
DA:183,0
DA:184,0
DA:185,0
DA:188,0
DA:189,0
DA:190,0
DA:193,0
DA:194,0
DA:203,0
DA:205,0
DA:207,0
DA:208,0
DA:212,0
DA:213,0
DA:214,0
DA:219,0
DA:226,0
DA:227,0
DA:228,0
DA:229,0
DA:230,0
DA:231,0
DA:233,0
DA:234,0
DA:236,0
DA:238,0
DA:246,0
DA:247,0
DA:248,0
DA:250,0
DA:251,0
DA:258,0
DA:259,0
DA:260,0
DA:261,0
DA:263,0
DA:265,0
DA:273,0
DA:276,0
DA:277,0
DA:278,0
DA:279,0
DA:282,0
DA:283,0
DA:284,0
DA:286,0
DA:287,0
DA:288,0
DA:289,0
DA:291,0
DA:297,0
DA:303,1
LF:114
LH:15
BRDA:15,0,0,1
BRDA:15,0,1,0
BRDA:27,1,0,0
BRDA:27,1,1,0
BRDA:28,2,0,0
BRDA:28,2,1,0
BRDA:29,3,0,0
BRDA:29,3,1,0
BRDA:30,4,0,0
BRDA:30,4,1,0
BRDA:32,5,0,0
BRDA:32,5,1,0
BRDA:53,6,0,0
BRDA:53,6,1,0
BRDA:67,7,0,0
BRDA:67,7,1,0
BRDA:78,8,0,2
BRDA:78,8,1,0
BRDA:78,9,0,2
BRDA:78,9,1,1
BRDA:89,10,0,0
BRDA:89,10,1,0
BRDA:109,11,0,0
BRDA:109,11,1,0
BRDA:109,11,2,0
BRDA:129,12,0,0
BRDA:129,12,1,0
BRDA:148,13,0,0
BRDA:148,13,1,0
BRDA:160,14,0,0
BRDA:160,14,1,0
BRDA:183,15,0,0
BRDA:183,15,1,0
BRDA:207,16,0,0
BRDA:207,16,1,0
BRDA:207,17,0,0
BRDA:207,17,1,0
BRDA:212,18,0,0
BRDA:212,18,1,0
BRDA:213,19,0,0
BRDA:213,19,1,0
BRDA:213,20,0,0
BRDA:213,20,1,0
BRDA:230,21,0,0
BRDA:230,21,1,0
BRDA:247,22,0,0
BRDA:247,22,1,0
BRDA:277,23,0,0
BRDA:277,23,1,0
BRDA:277,24,0,0
BRDA:277,24,1,0
BRDA:287,25,0,0
BRDA:287,25,1,0
BRF:53
BRH:4
end_of_record
TN:
SF:auth/permission_middleware.js
FN:18,requirePermission
FN:19,(anonymous_1)
FN:42,requireDevicePermission
FN:43,(anonymous_3)
FN:56,(anonymous_4)
FN:58,(anonymous_5)
FN:91,loadDeviceAndCheckPermission
FN:92,(anonymous_7)
FN:127,requireRole
FN:128,(anonymous_9)
FN:147,requireAnyRole
FN:148,(anonymous_11)
FN:151,(anonymous_12)
FN:172,attachUser
FN:173,(anonymous_14)
FN:182,getUserPermissions
FNF:16
FNH:10
FNDA:3,requirePermission
FNDA:3,(anonymous_1)
FNDA:0,requireDevicePermission
FNDA:0,(anonymous_3)
FNDA:0,(anonymous_4)
FNDA:0,(anonymous_5)
FNDA:0,loadDeviceAndCheckPermission
FNDA:0,(anonymous_7)
FNDA:9,requireRole
FNDA:9,(anonymous_9)
FNDA:7,requireAnyRole
FNDA:7,(anonymous_11)
FNDA:7,(anonymous_12)
FNDA:3,attachUser
FNDA:3,(anonymous_14)
FNDA:5,getUserPermissions
DA:13,2
DA:19,3
DA:20,3
DA:23,3
DA:25,3
DA:26,1
DA:34,2
DA:43,0
DA:44,0
DA:45,0
DA:47,0
DA:48,0
DA:55,0
DA:56,0
DA:57,0
DA:58,0
DA:60,0
DA:64,0
DA:65,0
DA:66,0
DA:75,0
DA:76,0
DA:77,0
DA:84,0
DA:92,0
DA:93,0
DA:94,0
DA:95,0
DA:102,0
DA:103,0
DA:104,0
DA:105,0
DA:111,0
DA:112,0
DA:113,0
DA:119,0
DA:120,0
DA:128,9
DA:129,9
DA:131,9
DA:132,4
DA:135,5
DA:148,7
DA:149,7
DA:151,7
DA:152,7
DA:155,7
DA:156,3
DA:164,4
DA:173,3
DA:174,3
DA:175,3
DA:183,5
DA:184,5
DA:186,5
DA:187,4
DA:188,4
DA:189,16
DA:193,5
DA:196,2
LF:60
LH:30
BRDA:20,0,0,3
BRDA:20,0,1,0
BRDA:25,1,0,1
BRDA:25,1,1,2
BRDA:44,2,0,0
BRDA:44,2,1,0
BRDA:47,3,0,0
BRDA:47,3,1,0
BRDA:55,4,0,0
BRDA:55,4,1,0
BRDA:57,5,0,0
BRDA:57,5,1,0
BRDA:65,6,0,0
BRDA:65,6,1,0
BRDA:76,7,0,0
BRDA:76,7,1,0
BRDA:93,8,0,0
BRDA:93,8,1,0
BRDA:94,9,0,0
BRDA:94,9,1,0
BRDA:103,10,0,0
BRDA:103,10,1,0
BRDA:112,11,0,0
BRDA:112,11,1,0
BRDA:129,12,0,9
BRDA:129,12,1,2
BRDA:131,13,0,4
BRDA:131,13,1,5
BRDA:131,14,0,9
BRDA:131,14,1,7
BRDA:149,15,0,7
BRDA:149,15,1,0
BRDA:152,16,0,7
BRDA:152,16,1,6
BRDA:155,17,0,3
BRDA:155,17,1,4
BRDA:172,18,0,1
BRDA:183,19,0,5
BRDA:183,19,1,1
BRF:39
BRH:17
end_of_record
TN:
SF:auth/permissions.js
FN:11,loadPermissionsConfig
FN:28,(anonymous_1)
FN:34,(anonymous_2)
FN:38,(anonymous_3)
FN:46,hasPermission
FN:69,getRequiredRole
FN:81,checkDevicePermission
FN:94,(anonymous_7)
FN:112,(anonymous_8)
FN:116,(anonymous_9)
FN:135,checkDeviceAccess
FN:146,(anonymous_11)
FN:163,(anonymous_12)
FN:177,checkBusinessAccess
FN:197,(anonymous_14)
FN:207,checkParentBusinessAccess
FN:228,checkEnvAccess
FN:247,(anonymous_17)
FN:257,getPermissionsForRole
FNF:19
FNH:11
FNDA:2,loadPermissionsConfig
FNDA:12,(anonymous_1)
FNDA:8,(anonymous_2)
FNDA:4,(anonymous_3)
FNDA:2,hasPermission
FNDA:13,getRequiredRole
FNDA:12,checkDevicePermission
FNDA:10,(anonymous_7)
FNDA:1,(anonymous_8)
FNDA:1,(anonymous_9)
FNDA:0,checkDeviceAccess
FNDA:0,(anonymous_11)
FNDA:0,(anonymous_12)
FNDA:0,checkBusinessAccess
FNDA:0,(anonymous_14)
FNDA:0,checkParentBusinessAccess
FNDA:0,checkEnvAccess
FNDA:0,(anonymous_17)
FNDA:6,getPermissionsForRole
DA:6,2
DA:7,2
DA:8,2
DA:12,2
DA:13,2
DA:14,2
DA:15,2
DA:17,0
DA:18,0
DA:22,2
DA:29,12
DA:30,12
DA:31,12
DA:35,8
DA:39,4
DA:47,2
DA:48,0
DA:52,2
DA:53,5
DA:54,2
DA:55,1
DA:57,1
DA:58,0
DA:63,1
DA:70,13
DA:71,0
DA:74,13
DA:75,13
DA:82,12
DA:83,1
DA:87,11
DA:88,11
DA:90,1
DA:94,10
DA:95,10
DA:97,6
DA:99,4
DA:100,3
DA:103,10
DA:104,3
DA:111,7
DA:112,2
DA:113,2
DA:114,1
DA:115,1
DA:116,1
DA:117,1
DA:119,1
DA:120,0
DA:129,7
DA:136,0
DA:137,0
DA:141,0
DA:142,0
DA:146,0
DA:148,0
DA:150,0
DA:151,0
DA:152,0
DA:156,0
DA:157,0
DA:158,0
DA:163,0
DA:164,0
DA:165,0
DA:166,0
DA:167,0
DA:171,0
DA:178,0
DA:179,0
DA:182,0
DA:183,0
DA:184,0
DA:188,0
DA:195,0
DA:196,0
DA:197,0
DA:198,0
DA:201,0
DA:208,0
DA:209,0
DA:213,0
DA:214,0
DA:216,0
DA:217,0
DA:222,0
DA:229,0
DA:230,0
DA:233,0
DA:234,0
DA:235,0
DA:238,0
DA:245,0
DA:246,0
DA:247,0
DA:248,0
DA:251,0
DA:258,6
DA:259,0
DA:262,6
DA:263,16
DA:264,5
DA:268,1
DA:271,2
LF:104
LH:50
BRDA:28,0,0,12
BRDA:47,1,0,0
BRDA:47,1,1,2
BRDA:47,2,0,2
BRDA:47,2,1,2
BRDA:53,3,0,2
BRDA:53,3,1,3
BRDA:54,4,0,1
BRDA:54,4,1,1
BRDA:54,5,0,2
BRDA:54,5,1,2
BRDA:57,6,0,0
BRDA:57,6,1,1
BRDA:57,7,0,1
BRDA:57,7,1,1
BRDA:70,8,0,0
BRDA:70,8,1,13
BRDA:70,9,0,13
BRDA:70,9,1,13
BRDA:75,10,0,12
BRDA:75,10,1,1
BRDA:81,11,0,11
BRDA:82,12,0,1
BRDA:82,12,1,11
BRDA:82,13,0,12
BRDA:82,13,1,12
BRDA:88,14,0,1
BRDA:88,14,1,10
BRDA:95,15,0,4
BRDA:95,15,1,6
BRDA:97,16,0,2
BRDA:97,16,1,4
BRDA:99,17,0,1
BRDA:99,17,1,3
BRDA:99,18,0,4
BRDA:99,18,1,1
BRDA:99,18,2,1
BRDA:103,19,0,3
BRDA:103,19,1,7
BRDA:111,20,0,2
BRDA:111,20,1,5
BRDA:115,21,0,1
BRDA:115,21,1,0
BRDA:117,22,0,1
BRDA:117,22,1,1
BRDA:119,23,0,0
BRDA:119,23,1,1
BRDA:135,24,0,0
BRDA:136,25,0,0
BRDA:136,25,1,0
BRDA:136,26,0,0
BRDA:136,26,1,0
BRDA:141,27,0,0
BRDA:141,27,1,0
BRDA:151,28,0,0
BRDA:151,28,1,0
BRDA:157,29,0,0
BRDA:157,29,1,0
BRDA:166,30,0,0
BRDA:166,30,1,0
BRDA:178,31,0,0
BRDA:178,31,1,0
BRDA:178,32,0,0
BRDA:178,32,1,0
BRDA:183,33,0,0
BRDA:183,33,1,0
BRDA:183,34,0,0
BRDA:183,34,1,0
BRDA:196,35,0,0
BRDA:196,35,1,0
BRDA:198,36,0,0
BRDA:198,36,1,0
BRDA:208,37,0,0
BRDA:208,37,1,0
BRDA:208,38,0,0
BRDA:208,38,1,0
BRDA:214,39,0,0
BRDA:214,39,1,0
BRDA:214,40,0,0
BRDA:214,40,1,0
BRDA:216,41,0,0
BRDA:216,41,1,0
BRDA:229,42,0,0
BRDA:229,42,1,0
BRDA:229,43,0,0
BRDA:229,43,1,0
BRDA:234,44,0,0
BRDA:234,44,1,0
BRDA:234,45,0,0
BRDA:234,45,1,0
BRDA:246,46,0,0
BRDA:246,46,1,0
BRDA:248,47,0,0
BRDA:248,47,1,0
BRDA:258,48,0,0
BRDA:258,48,1,6
BRDA:258,49,0,6
BRDA:258,49,1,6
BRDA:263,50,0,5
BRDA:263,50,1,11
BRDA:264,51,0,5
BRDA:264,51,1,0
BRF:102
BRH:48
end_of_record
TN:
SF:cmd/main.js
FN:18,main
FN:47,(anonymous_1)
FN:59,(anonymous_2)
FN:85,runAgent
FNF:4
FNH:0
FNDA:0,main
FNDA:0,(anonymous_1)
FNDA:0,(anonymous_2)
FNDA:0,runAgent
DA:8,0
DA:9,0
DA:10,0
DA:13,0
DA:14,0
DA:15,0
DA:19,0
DA:20,0
DA:21,0
DA:23,0
DA:24,0
DA:26,0
DA:27,0
DA:30,0
DA:31,0
DA:33,0
DA:40,0
DA:41,0
DA:44,0
DA:45,0
DA:46,0
DA:47,0
DA:48,0
DA:50,0
DA:53,0
DA:54,0
DA:57,0
DA:58,0
DA:59,0
DA:61,0
DA:62,0
DA:63,0
DA:64,0
DA:65,0
DA:66,0
DA:67,0
DA:71,0
DA:72,0
DA:73,0
DA:74,0
DA:75,0
DA:76,0
DA:79,0
DA:80,0
DA:86,0
DA:90,0
DA:94,0
LF:47
LH:0
BRDA:14,0,0,0
BRDA:14,0,1,0
BRDA:15,1,0,0
BRDA:15,1,1,0
BRDA:24,2,0,0
BRDA:24,2,1,0
BRDA:24,2,2,0
BRDA:24,2,3,0
BRDA:24,2,4,0
BRDA:24,2,5,0
BRDA:30,3,0,0
BRDA:30,3,1,0
BRDA:37,4,0,0
BRDA:37,4,1,0
BRF:14
BRH:0
end_of_record
TN:
SF:config/config.js
FNF:0
FNH:0
DA:2,0
LF:1
LH:0
BRDA:3,0,0,0
BRDA:3,0,1,0
BRDA:24,1,0,0
BRDA:24,1,1,0
BRDA:25,2,0,0
BRDA:25,2,1,0
BRDA:31,3,0,0
BRDA:31,3,1,0
BRDA:36,4,0,0
BRDA:36,4,1,0
BRDA:92,5,0,0
BRDA:92,5,1,0
BRF:12
BRH:0
end_of_record
TN:
SF:devices/agent.js
FN:9,(anonymous_0)
FN:30,(anonymous_1)
FN:50,(anonymous_2)
FN:61,(anonymous_3)
FN:67,(anonymous_4)
FN:73,(anonymous_5)
FN:78,(anonymous_6)
FN:82,(anonymous_7)
FN:104,(anonymous_8)
FN:120,(anonymous_9)
FN:128,(anonymous_10)
FN:139,(anonymous_11)
FN:153,(anonymous_12)
FN:160,(anonymous_13)
FN:169,(anonymous_14)
FN:186,(anonymous_15)
FN:209,(anonymous_16)
FN:214,(anonymous_17)
FN:220,(anonymous_18)
FN:226,(anonymous_19)
FN:231,(anonymous_20)
FN:238,(anonymous_21)
FN:243,(anonymous_22)
FN:250,(anonymous_23)
FN:259,(anonymous_24)
FNF:25
FNH:9
FNDA:17,(anonymous_0)
FNDA:0,(anonymous_1)
FNDA:0,(anonymous_2)
FNDA:0,(anonymous_3)
FNDA:0,(anonymous_4)
FNDA:0,(anonymous_5)
FNDA:0,(anonymous_6)
FNDA:0,(anonymous_7)
FNDA:0,(anonymous_8)
FNDA:0,(anonymous_9)
FNDA:0,(anonymous_10)
FNDA:0,(anonymous_11)
FNDA:18,(anonymous_12)
FNDA:0,(anonymous_13)
FNDA:0,(anonymous_14)
FNDA:1,(anonymous_15)
FNDA:1,(anonymous_16)
FNDA:1,(anonymous_17)
FNDA:1,(anonymous_18)
FNDA:1,(anonymous_19)
FNDA:0,(anonymous_20)
FNDA:0,(anonymous_21)
FNDA:17,(anonymous_22)
FNDA:0,(anonymous_23)
FNDA:1,(anonymous_24)
DA:3,1
DA:4,1
DA:5,1
DA:6,1
DA:10,17
DA:11,17
DA:12,17
DA:13,17
DA:14,17
DA:15,17
DA:18,17
DA:31,0
DA:34,0
DA:37,0
DA:40,0
DA:42,0
DA:43,0
DA:45,0
DA:46,0
DA:51,0
DA:52,0
DA:53,0
DA:56,0
DA:58,0
DA:62,0
DA:63,0
DA:64,0
DA:67,0
DA:68,0
DA:69,0
DA:70,0
DA:73,0
DA:74,0
DA:75,0
DA:78,0
DA:83,0
DA:85,0
DA:87,0
DA:88,0
DA:91,0
DA:92,0
DA:95,0
DA:99,0
DA:105,0
DA:108,0
DA:111,0
DA:113,0
DA:121,0
DA:122,0
DA:124,0
DA:129,0
DA:140,0
DA:147,0
DA:149,0
DA:154,18
DA:161,0
DA:162,0
DA:170,0
DA:172,0
DA:173,0
DA:174,0
DA:179,0
DA:181,0
DA:187,1
DA:191,1
DA:192,1
DA:194,0
DA:195,0
DA:197,1
DA:200,1
DA:201,1
DA:204,0
DA:205,0
DA:211,1
DA:216,1
DA:221,1
DA:222,1
DA:227,1
DA:232,0
DA:233,0
DA:239,0
DA:245,17
DA:246,17
DA:251,0
DA:252,0
DA:253,0
DA:255,0
DA:260,1
DA:264,1
LF:89
LH:27
BRDA:9,0,0,0
BRDA:12,1,0,17
BRDA:12,1,1,0
BRDA:13,2,0,17
BRDA:13,2,1,17
BRDA:51,3,0,0
BRDA:51,3,1,0
BRDA:85,4,0,0
BRDA:85,4,1,0
BRDA:85,4,2,0
BRDA:147,5,0,0
BRDA:147,5,1,0
BRDA:155,6,0,18
BRDA:155,6,1,18
BRDA:173,7,0,0
BRDA:173,7,1,0
BRDA:176,8,0,0
BRDA:176,8,1,0
BRDA:192,9,0,0
BRDA:192,9,1,1
BRDA:232,10,0,0
BRDA:232,10,1,0
BRDA:239,11,0,0
BRDA:239,11,1,0
BRDA:245,12,0,17
BRDA:245,12,1,17
BRDA:251,13,0,0
BRDA:251,13,1,0
BRF:28
BRH:8
end_of_record
TN:
SF:devices/device_manager.js
FN:33,(anonymous_0)
FN:76,(anonymous_1)
FN:109,(anonymous_2)
FN:122,(anonymous_3)
FN:133,(anonymous_4)
FN:202,(anonymous_5)
FN:224,(anonymous_6)
FN:237,(anonymous_7)
FN:269,(anonymous_8)
FN:286,(anonymous_9)
FN:304,(anonymous_10)
FN:322,(anonymous_11)
FN:335,(anonymous_12)
FN:348,(anonymous_13)
FN:360,(anonymous_14)
FN:367,(anonymous_15)
FN:374,(anonymous_16)
FN:382,(anonymous_17)
FN:403,(anonymous_18)
FN:407,(anonymous_19)
FN:414,(anonymous_20)
FN:421,(anonymous_21)
FN:433,(anonymous_22)
FN:454,(anonymous_23)
FN:478,(anonymous_24)
FN:493,(anonymous_25)
FN:504,(anonymous_26)
FN:533,(anonymous_27)
FN:540,(anonymous_28)
FN:557,(anonymous_29)
FN:562,(anonymous_30)
FN:579,(anonymous_31)
FN:594,(anonymous_32)
FN:610,(anonymous_33)
FN:643,(anonymous_34)
FN:650,(anonymous_35)
FN:660,(anonymous_36)
FN:670,(anonymous_37)
FN:681,(anonymous_38)
FN:687,(anonymous_39)
FN:700,(anonymous_40)
FN:715,(anonymous_41)
FNF:42
FNH:33
FNDA:37,(anonymous_0)
FNDA:33,(anonymous_1)
FNDA:2,(anonymous_2)
FNDA:1,(anonymous_3)
FNDA:44,(anonymous_4)
FNDA:13,(anonymous_5)
FNDA:12,(anonymous_6)
FNDA:8,(anonymous_7)
FNDA:9,(anonymous_8)
FNDA:2,(anonymous_9)
FNDA:1,(anonymous_10)
FNDA:1,(anonymous_11)
FNDA:2,(anonymous_12)
FNDA:0,(anonymous_13)
FNDA:4,(anonymous_14)
FNDA:3,(anonymous_15)
FNDA:3,(anonymous_16)
FNDA:22,(anonymous_17)
FNDA:1,(anonymous_18)
FNDA:1,(anonymous_19)
FNDA:2,(anonymous_20)
FNDA:1,(anonymous_21)
FNDA:6,(anonymous_22)
FNDA:0,(anonymous_23)
FNDA:0,(anonymous_24)
FNDA:0,(anonymous_25)
FNDA:3,(anonymous_26)
FNDA:1,(anonymous_27)
FNDA:3,(anonymous_28)
FNDA:1,(anonymous_29)
FNDA:2,(anonymous_30)
FNDA:1,(anonymous_31)
FNDA:0,(anonymous_32)
FNDA:37,(anonymous_33)
FNDA:90,(anonymous_34)
FNDA:91,(anonymous_35)
FNDA:7,(anonymous_36)
FNDA:2,(anonymous_37)
FNDA:0,(anonymous_38)
FNDA:0,(anonymous_39)
FNDA:0,(anonymous_40)
FNDA:0,(anonymous_41)
DA:6,2
DA:7,2
DA:8,2
DA:11,2
DA:22,2
DA:34,37
DA:35,37
DA:36,37
DA:37,37
DA:40,37
DA:68,37
DA:77,33
DA:78,33
DA:79,0
DA:82,33
DA:83,33
DA:85,33
DA:86,0
DA:93,33
DA:94,33
DA:95,33
DA:96,33
DA:102,33
DA:103,33
DA:110,2
DA:111,2
DA:112,4
DA:113,2
DA:116,2
DA:123,1
DA:124,1
DA:125,1
DA:134,44
DA:137,44
DA:138,0
DA:141,44
DA:182,44
DA:185,44
DA:186,2
DA:187,2
DA:188,2
DA:189,2
DA:193,44
DA:194,44
DA:196,44
DA:203,13
DA:204,13
DA:205,0
DA:208,13
DA:209,1
DA:213,12
DA:214,12
DA:215,0
DA:218,12
DA:227,12
DA:228,0
DA:231,12
DA:238,8
DA:239,8
DA:240,0
DA:243,8
DA:244,0
DA:248,8
DA:249,0
DA:251,8
DA:252,0
DA:254,8
DA:255,0
DA:258,8
DA:259,8
DA:260,8
DA:261,8
DA:263,8
DA:270,9
DA:271,9
DA:272,0
DA:275,9
DA:276,2
DA:279,7
DA:280,7
DA:287,2
DA:288,2
DA:289,0
DA:292,2
DA:293,0
DA:296,2
DA:297,2
DA:298,2
DA:305,1
DA:306,1
DA:307,0
DA:310,1
DA:311,0
DA:314,1
DA:315,1
DA:316,1
DA:323,1
DA:324,1
DA:325,0
DA:328,1
DA:329,1
DA:336,2
DA:337,2
DA:338,0
DA:341,2
DA:342,2
DA:343,2
DA:345,2
DA:346,0
DA:347,0
DA:348,0
DA:352,2
DA:361,4
DA:368,3
DA:375,3
DA:377,3
DA:378,11
DA:380,11
DA:381,14
DA:382,14
DA:383,22
DA:384,0
DA:386,14
DA:387,7
DA:388,7
DA:392,11
DA:393,4
DA:397,3
DA:404,1
DA:405,1
DA:406,1
DA:407,1
DA:415,2
DA:416,2
DA:418,2
DA:419,2
DA:420,1
DA:421,1
DA:425,2
DA:434,6
DA:435,6
DA:436,1
DA:439,5
DA:445,5
DA:446,5
DA:448,5
DA:455,0
DA:456,0
DA:457,0
DA:460,0
DA:461,0
DA:462,0
DA:466,0
DA:468,0
DA:481,0
DA:483,0
DA:484,0
DA:487,0
DA:494,0
DA:495,0
DA:496,0
DA:505,3
DA:516,3
DA:517,3
DA:520,3
DA:521,0
DA:522,0
DA:523,0
DA:527,3
DA:534,1
DA:541,3
DA:542,3
DA:543,0
DA:546,3
DA:547,3
DA:548,3
DA:551,3
DA:558,1
DA:559,1
DA:561,1
DA:562,2
DA:566,1
DA:567,0
DA:568,0
DA:571,1
DA:580,1
DA:581,1
DA:583,1
DA:584,2
DA:585,2
DA:588,1
DA:595,0
DA:597,0
DA:598,0
DA:599,0
DA:602,0
DA:612,37
DA:613,37
DA:614,37
DA:615,1
DA:616,1
DA:617,1
DA:619,1
DA:622,0
DA:626,37
DA:627,37
DA:628,37
DA:629,5
DA:630,5
DA:631,0
DA:633,5
DA:636,0
DA:644,90
DA:651,91
DA:652,91
DA:661,7
DA:662,7
DA:671,2
DA:672,1
DA:675,1
DA:678,1
DA:679,0
DA:680,0
DA:681,0
DA:686,1
DA:687,0
DA:690,1
DA:691,1
DA:692,1
DA:694,1
DA:701,0
DA:702,0
DA:703,0
DA:706,0
DA:707,0
DA:709,0
DA:716,0
DA:717,0
DA:718,0
DA:721,0
DA:724,0
DA:725,0
DA:728,0
DA:733,2
DA:734,2
DA:736,2
LF:246
LH:178
BRDA:35,0,0,37
BRDA:35,0,1,0
BRDA:78,1,0,0
BRDA:78,1,1,33
BRDA:83,2,0,33
BRDA:83,2,1,0
BRDA:85,3,0,0
BRDA:85,3,1,33
BRDA:95,4,0,33
BRDA:95,4,1,0
BRDA:112,5,0,2
BRDA:112,5,1,2
BRDA:124,6,0,0
BRDA:124,6,1,1
BRDA:125,7,0,1
BRDA:125,7,1,0
BRDA:134,8,0,44
BRDA:134,8,1,43
BRDA:137,9,0,0
BRDA:137,9,1,44
BRDA:137,10,0,44
BRDA:137,10,1,44
BRDA:143,11,0,44
BRDA:143,11,1,0
BRDA:144,12,0,44
BRDA:144,12,1,13
BRDA:147,13,0,44
BRDA:147,13,1,32
BRDA:150,14,0,44
BRDA:150,14,1,35
BRDA:153,15,0,44
BRDA:153,15,1,43
BRDA:156,16,0,44
BRDA:156,16,1,42
BRDA:169,17,0,44
BRDA:169,17,1,44
BRDA:172,18,0,44
BRDA:172,18,1,44
BRDA:176,19,0,44
BRDA:176,19,1,44
BRDA:185,20,0,2
BRDA:185,20,1,42
BRDA:187,21,0,2
BRDA:187,21,1,0
BRDA:188,22,0,2
BRDA:188,22,1,0
BRDA:204,23,0,0
BRDA:204,23,1,13
BRDA:208,24,0,1
BRDA:208,24,1,12
BRDA:214,25,0,0
BRDA:214,25,1,12
BRDA:227,26,0,0
BRDA:227,26,1,12
BRDA:227,27,0,12
BRDA:227,27,1,12
BRDA:239,28,0,0
BRDA:239,28,1,8
BRDA:243,29,0,0
BRDA:243,29,1,8
BRDA:248,30,0,0
BRDA:248,30,1,8
BRDA:251,31,0,0
BRDA:251,31,1,8
BRDA:254,32,0,0
BRDA:254,32,1,8
BRDA:259,33,0,8
BRDA:259,33,1,0
BRDA:271,34,0,0
BRDA:271,34,1,9
BRDA:275,35,0,2
BRDA:275,35,1,7
BRDA:286,36,0,1
BRDA:288,37,0,0
BRDA:288,37,1,2
BRDA:292,38,0,0
BRDA:292,38,1,2
BRDA:306,39,0,0
BRDA:306,39,1,1
BRDA:310,40,0,0
BRDA:310,40,1,1
BRDA:322,41,0,0
BRDA:324,42,0,0
BRDA:324,42,1,1
BRDA:337,43,0,0
BRDA:337,43,1,2
BRDA:343,44,0,2
BRDA:343,44,1,0
BRDA:345,45,0,0
BRDA:345,45,1,2
BRDA:347,46,0,0
BRDA:347,46,1,0
BRDA:347,47,0,0
BRDA:347,47,1,0
BRDA:383,48,0,22
BRDA:383,48,1,0
BRDA:386,49,0,7
BRDA:386,49,1,7
BRDA:392,50,0,4
BRDA:392,50,1,7
BRDA:405,51,0,0
BRDA:405,51,1,1
BRDA:406,52,0,1
BRDA:406,52,1,0
BRDA:416,53,0,0
BRDA:416,53,1,2
BRDA:419,54,0,1
BRDA:419,54,1,1
BRDA:419,55,0,2
BRDA:419,55,1,2
BRDA:435,56,0,1
BRDA:435,56,1,5
BRDA:454,57,0,0
BRDA:456,58,0,0
BRDA:456,58,1,0
BRDA:461,59,0,0
BRDA:461,59,1,0
BRDA:495,60,0,0
BRDA:495,60,1,0
BRDA:504,61,0,2
BRDA:506,62,0,3
BRDA:506,62,1,3
BRDA:508,63,0,3
BRDA:508,63,1,2
BRDA:509,64,0,3
BRDA:509,64,1,3
BRDA:511,65,0,3
BRDA:511,65,1,2
BRDA:520,66,0,0
BRDA:520,66,1,3
BRDA:522,67,0,0
BRDA:522,67,1,0
BRDA:542,68,0,0
BRDA:542,68,1,3
BRDA:546,69,0,3
BRDA:546,69,1,0
BRDA:559,70,0,0
BRDA:559,70,1,1
BRDA:566,71,0,1
BRDA:566,71,1,0
BRDA:614,72,0,1
BRDA:614,72,1,36
BRDA:616,73,0,1
BRDA:616,73,1,0
BRDA:619,74,0,1
BRDA:619,74,1,0
BRDA:628,75,0,5
BRDA:628,75,1,32
BRDA:630,76,0,5
BRDA:630,76,1,0
BRDA:633,77,0,5
BRDA:633,77,1,5
BRDA:671,78,0,1
BRDA:671,78,1,1
BRDA:678,79,0,0
BRDA:678,79,1,1
BRDA:680,80,0,0
BRDA:680,80,1,0
BRDA:680,81,0,0
BRDA:680,81,1,0
BRDA:702,82,0,0
BRDA:702,82,1,0
BRDA:717,83,0,0
BRDA:717,83,1,0
BRDA:724,84,0,0
BRDA:724,84,1,0
BRF:166
BRH:100
end_of_record
TN:
SF:discovery/network_discovery.js
FN:25,(anonymous_0)
FN:44,(anonymous_1)
FN:59,(anonymous_2)
FN:60,(anonymous_3)
FN:62,(anonymous_4)
FN:71,(anonymous_5)
FN:77,(anonymous_6)
FN:96,(anonymous_7)
FN:108,(anonymous_8)
FN:109,(anonymous_9)
FN:122,(anonymous_10)
FN:123,(anonymous_11)
FN:127,(anonymous_12)
FN:134,(anonymous_13)
FN:146,(anonymous_14)
FN:168,(anonymous_15)
FN:212,(anonymous_16)
FN:238,(anonymous_17)
FN:239,(anonymous_18)
FN:243,(anonymous_19)
FN:250,(anonymous_20)
FN:261,(anonymous_21)
FN:274,(anonymous_22)
FN:293,(anonymous_23)
FN:339,(anonymous_24)
FN:349,(anonymous_25)
FN:360,(anonymous_26)
FN:415,(anonymous_27)
FNF:28
FNH:10
FNDA:25,(anonymous_0)
FNDA:26,(anonymous_1)
FNDA:0,(anonymous_2)
FNDA:0,(anonymous_3)
FNDA:0,(anonymous_4)
FNDA:0,(anonymous_5)
FNDA:0,(anonymous_6)
FNDA:0,(anonymous_7)
FNDA:1,(anonymous_8)
FNDA:1,(anonymous_9)
FNDA:0,(anonymous_10)
FNDA:0,(anonymous_11)
FNDA:0,(anonymous_12)
FNDA:0,(anonymous_13)
FNDA:0,(anonymous_14)
FNDA:0,(anonymous_15)
FNDA:0,(anonymous_16)
FNDA:0,(anonymous_17)
FNDA:0,(anonymous_18)
FNDA:0,(anonymous_19)
FNDA:0,(anonymous_20)
FNDA:0,(anonymous_21)
FNDA:5,(anonymous_22)
FNDA:1016,(anonymous_23)
FNDA:13,(anonymous_24)
FNDA:14,(anonymous_25)
FNDA:5,(anonymous_26)
FNDA:2,(anonymous_27)
DA:7,1
DA:8,1
DA:11,1
DA:17,1
DA:26,25
DA:27,25
DA:28,25
DA:29,25
DA:32,25
DA:33,25
DA:34,25
DA:37,25
DA:40,25
DA:41,25
DA:46,26
DA:47,26
DA:49,26
DA:50,6604
DA:53,26
DA:60,0
DA:61,0
DA:62,0
DA:63,0
DA:64,0
DA:69,0
DA:71,0
DA:72,0
DA:73,0
DA:74,0
DA:77,0
DA:78,0
DA:79,0
DA:80,0
DA:83,0
DA:84,0
DA:86,0
DA:87,0
DA:88,0
DA:99,0
DA:102,0
DA:109,1
DA:110,1
DA:114,1
DA:123,0
DA:124,0
DA:125,0
DA:127,0
DA:128,0
DA:129,0
DA:130,0
DA:134,0
DA:135,0
DA:136,0
DA:137,0
DA:138,0
DA:146,0
DA:147,0
DA:148,0
DA:149,0
DA:154,0
DA:155,0
DA:156,0
DA:158,0
DA:159,0
DA:160,0
DA:171,0
DA:172,0
DA:175,0
DA:176,0
DA:177,0
DA:178,0
DA:179,0
DA:182,0
DA:183,0
DA:184,0
DA:185,0
DA:186,0
DA:187,0
DA:190,0
DA:191,0
DA:193,0
DA:194,0
DA:195,0
DA:196,0
DA:197,0
DA:198,0
DA:200,0
DA:201,0
DA:203,0
DA:204,0
DA:206,0
DA:213,0
DA:214,0
DA:217,0
DA:220,0
DA:221,0
DA:222,0
DA:223,0
DA:224,0
DA:225,0
DA:226,0
DA:227,0
DA:229,0
DA:232,0
DA:239,0
DA:240,0
DA:241,0
DA:243,0
DA:244,0
DA:245,0
DA:246,0
DA:250,0
DA:251,0
DA:252,0
DA:253,0
DA:254,0
DA:261,0
DA:262,0
DA:263,0
DA:264,0
DA:267,0
DA:275,5
DA:276,1
DA:279,4
DA:280,4
DA:286,4
DA:287,4
DA:290,4
DA:291,4
DA:292,24
DA:293,24
DA:294,1016
DA:296,1016
DA:297,762
DA:298,2
DA:299,2
DA:305,2
DA:309,760
DA:310,760
DA:311,2
DA:312,2
DA:324,24
DA:327,4
DA:328,4
DA:330,4
DA:332,4
DA:340,13
DA:341,13
DA:342,7
DA:343,3
DA:350,14
DA:351,14
DA:352,9
DA:354,5
DA:361,5
DA:362,1
DA:365,4
DA:368,4
DA:369,3
DA:370,3
DA:371,3
DA:389,4
DA:390,1
DA:391,1
DA:392,1
DA:409,4
DA:416,2
DA:427,1
LF:168
LH:69
BRDA:25,0,0,1
BRDA:26,1,0,25
BRDA:26,1,1,1
BRDA:27,2,0,25
BRDA:27,2,1,1
BRDA:28,3,0,25
BRDA:28,3,1,24
BRDA:29,4,0,25
BRDA:29,4,1,1
BRDA:59,5,0,0
BRDA:128,6,0,0
BRDA:128,6,1,0
BRDA:238,7,0,0
BRDA:244,8,0,0
BRDA:244,8,1,0
BRDA:275,9,0,1
BRDA:275,9,1,4
BRDA:297,10,0,2
BRDA:297,10,1,760
BRDA:310,11,0,2
BRDA:310,11,1,758
BRDA:341,12,0,6
BRDA:341,12,1,7
BRDA:341,13,0,13
BRDA:341,13,1,11
BRDA:342,14,0,4
BRDA:342,14,1,3
BRDA:342,15,0,7
BRDA:342,15,1,5
BRDA:351,16,0,9
BRDA:351,16,1,5
BRDA:352,17,0,7
BRDA:352,17,1,2
BRDA:352,18,0,9
BRDA:352,18,1,5
BRDA:352,18,2,4
BRDA:354,19,0,2
BRDA:354,19,1,3
BRDA:361,20,0,1
BRDA:361,20,1,4
BRDA:418,21,0,1
BRDA:418,21,1,1
BRF:42
BRH:36
end_of_record
TN:
SF:k8s/cluster_manager.js
FN:12,(anonymous_0)
FN:22,(anonymous_1)
FN:29,(anonymous_2)
FN:41,(anonymous_3)
FN:86,(anonymous_4)
FN:106,(anonymous_5)
FN:122,(anonymous_6)
FN:144,(anonymous_7)
FN:147,(anonymous_8)
FN:149,(anonymous_9)
FN:161,(anonymous_10)
FN:177,(anonymous_11)
FN:178,(anonymous_12)
FN:185,(anonymous_13)
FN:188,(anonymous_14)
FN:199,(anonymous_15)
FN:213,(anonymous_16)
FN:252,(anonymous_17)
FN:275,(anonymous_18)
FN:286,(anonymous_19)
FN:301,(anonymous_20)
FN:319,(anonymous_21)
FN:339,(anonymous_22)
FN:353,(anonymous_23)
FN:370,(anonymous_24)
FN:386,(anonymous_25)
FNF:26
FNH:0
FNDA:0,(anonymous_0)
FNDA:0,(anonymous_1)
FNDA:0,(anonymous_2)
FNDA:0,(anonymous_3)
FNDA:0,(anonymous_4)
FNDA:0,(anonymous_5)
FNDA:0,(anonymous_6)
FNDA:0,(anonymous_7)
FNDA:0,(anonymous_8)
FNDA:0,(anonymous_9)
FNDA:0,(anonymous_10)
FNDA:0,(anonymous_11)
FNDA:0,(anonymous_12)
FNDA:0,(anonymous_13)
FNDA:0,(anonymous_14)
FNDA:0,(anonymous_15)
FNDA:0,(anonymous_16)
FNDA:0,(anonymous_17)
FNDA:0,(anonymous_18)
FNDA:0,(anonymous_19)
FNDA:0,(anonymous_20)
FNDA:0,(anonymous_21)
FNDA:0,(anonymous_22)
FNDA:0,(anonymous_23)
FNDA:0,(anonymous_24)
FNDA:0,(anonymous_25)
DA:6,0
DA:7,0
DA:8,0
DA:9,0
DA:13,0
DA:14,0
DA:15,0
DA:16,0
DA:23,0
DA:30,0
DA:31,0
DA:32,0
DA:34,0
DA:42,0
DA:44,0
DA:47,0
DA:48,0
DA:50,0
DA:52,0
DA:54,0
DA:59,0
DA:60,0
DA:65,0
DA:74,0
DA:76,0
DA:78,0
DA:79,0
DA:87,0
DA:101,0
DA:102,0
DA:105,0
DA:106,0
DA:113,0
DA:116,0
DA:123,0
DA:124,0
DA:127,0
DA:128,0
DA:129,0
DA:132,0
DA:134,0
DA:136,0
DA:137,0
DA:145,0
DA:146,0
DA:147,0
DA:149,0
DA:150,0
DA:151,0
DA:154,0
DA:162,0
DA:164,0
DA:165,0
DA:168,0
DA:170,0
DA:174,0
DA:177,0
DA:178,0
DA:179,0
DA:182,0
DA:185,0
DA:188,0
DA:192,0
DA:200,0
DA:202,0
DA:203,0
DA:204,0
DA:207,0
DA:214,0
DA:216,0
DA:218,0
DA:223,0
DA:224,0
DA:226,0
DA:227,0
DA:228,0
DA:231,0
DA:232,0
DA:233,0
DA:243,0
DA:245,0
DA:253,0
DA:254,0
DA:256,0
DA:257,0
DA:259,0
DA:264,0
DA:266,0
DA:268,0
DA:276,0
DA:278,0
DA:279,0
DA:284,0
DA:286,0
DA:294,0
DA:302,0
DA:304,0
DA:305,0
DA:310,0
DA:312,0
DA:320,0
DA:322,0
DA:323,0
DA:328,0
DA:333,0
DA:334,0
DA:336,0
DA:339,0
DA:346,0
DA:354,0
DA:355,0
DA:357,0
DA:358,0
DA:359,0
DA:361,0
DA:363,0
DA:371,0
DA:373,0
DA:374,0
DA:375,0
DA:377,0
DA:379,0
DA:387,0
DA:393,0
DA:394,0
DA:397,0
DA:417,0
DA:421,0
LF:128
LH:0
BRDA:12,0,0,0
BRDA:14,1,0,0
BRDA:14,1,1,0
BRDA:15,2,0,0
BRDA:15,2,1,0
BRDA:16,3,0,0
BRDA:16,3,1,0
BRDA:41,4,0,0
BRDA:42,5,0,0
BRDA:42,6,0,0
BRDA:105,7,0,0
BRDA:105,7,1,0
BRDA:128,8,0,0
BRDA:128,8,1,0
BRDA:147,9,0,0
BRDA:147,9,1,0
BRDA:150,10,0,0
BRDA:150,10,1,0
BRDA:164,11,0,0
BRDA:164,11,1,0
BRDA:179,12,0,0
BRDA:179,12,1,0
BRDA:227,13,0,0
BRDA:227,13,1,0
BRDA:232,14,0,0
BRDA:232,14,1,0
BRDA:275,15,0,0
BRDA:290,16,0,0
BRDA:290,16,1,0
BRDA:291,17,0,0
BRDA:291,17,1,0
BRDA:301,18,0,0
BRDA:341,19,0,0
BRDA:341,19,1,0
BRDA:353,20,0,0
BRDA:353,21,0,0
BRDA:355,22,0,0
BRDA:355,23,0,0
BRDA:358,24,0,0
BRDA:358,24,1,0
BRDA:370,25,0,0
BRDA:394,26,0,0
BRDA:394,26,1,0
BRF:43
BRH:0
end_of_record
TN:
SF:k8s/physical_host_manager.js
FN:17,(anonymous_0)
FN:35,(anonymous_1)
FN:76,(anonymous_2)
FN:100,(anonymous_3)
FN:125,(anonymous_4)
FN:131,(anonymous_5)
FN:150,(anonymous_6)
FN:155,(anonymous_7)
FN:160,(anonymous_8)
FN:176,(anonymous_9)
FN:187,(anonymous_10)
FN:194,(anonymous_11)
FN:195,(anonymous_12)
FN:199,(anonymous_13)
FN:209,(anonymous_14)
FN:214,(anonymous_15)
FN:215,(anonymous_16)
FN:228,(anonymous_17)
FN:233,(anonymous_18)
FN:246,(anonymous_19)
FN:256,(anonymous_20)
FN:281,(anonymous_21)
FN:302,(anonymous_22)
FN:333,(anonymous_23)
FN:367,(anonymous_24)
FN:404,(anonymous_25)
FN:433,(anonymous_26)
FN:456,(anonymous_27)
FN:481,(anonymous_28)
FN:491,(anonymous_29)
FN:501,(anonymous_30)
FN:513,(anonymous_31)
FN:551,(anonymous_32)
FN:594,(anonymous_33)
FN:649,(anonymous_34)
FN:703,(anonymous_35)
FN:716,(anonymous_36)
FN:735,(anonymous_37)
FN:736,(anonymous_38)
FN:742,(anonymous_39)
FN:743,(anonymous_40)
FN:749,(anonymous_41)
FN:771,(anonymous_42)
FNF:43
FNH:19
FNDA:31,(anonymous_0)
FNDA:37,(anonymous_1)
FNDA:4,(anonymous_2)
FNDA:2,(anonymous_3)
FNDA:2,(anonymous_4)
FNDA:2,(anonymous_5)
FNDA:0,(anonymous_6)
FNDA:0,(anonymous_7)
FNDA:0,(anonymous_8)
FNDA:3,(anonymous_9)
FNDA:2,(anonymous_10)
FNDA:0,(anonymous_11)
FNDA:0,(anonymous_12)
FNDA:0,(anonymous_13)
FNDA:0,(anonymous_14)
FNDA:0,(anonymous_15)
FNDA:0,(anonymous_16)
FNDA:1,(anonymous_17)
FNDA:0,(anonymous_18)
FNDA:1,(anonymous_19)
FNDA:1,(anonymous_20)
FNDA:0,(anonymous_21)
FNDA:0,(anonymous_22)
FNDA:0,(anonymous_23)
FNDA:0,(anonymous_24)
FNDA:0,(anonymous_25)
FNDA:0,(anonymous_26)
FNDA:1,(anonymous_27)
FNDA:0,(anonymous_28)
FNDA:0,(anonymous_29)
FNDA:0,(anonymous_30)
FNDA:0,(anonymous_31)
FNDA:0,(anonymous_32)
FNDA:0,(anonymous_33)
FNDA:0,(anonymous_34)
FNDA:0,(anonymous_35)
FNDA:27,(anonymous_36)
FNDA:6,(anonymous_37)
FNDA:17,(anonymous_38)
FNDA:2,(anonymous_39)
FNDA:6,(anonymous_40)
FNDA:3,(anonymous_41)
FNDA:36,(anonymous_42)
DA:6,1
DA:9,1
DA:10,1
DA:11,1
DA:18,31
DA:19,31
DA:20,31
DA:21,31
DA:22,31
DA:23,31
DA:24,31
DA:25,31
DA:27,31
DA:36,37
DA:38,37
DA:67,37
DA:68,37
DA:70,37
DA:77,4
DA:78,4
DA:81,3
DA:84,3
DA:85,0
DA:86,0
DA:89,3
DA:90,3
DA:92,3
DA:101,2
DA:102,2
DA:103,0
DA:107,2
DA:108,0
DA:109,0
DA:110,0
DA:115,2
DA:116,0
DA:117,0
DA:119,0
DA:126,2
DA:128,0
DA:131,2
DA:132,2
DA:134,2
DA:143,2
DA:144,2
DA:145,0
DA:146,0
DA:147,0
DA:150,2
DA:151,0
DA:152,0
DA:155,2
DA:156,0
DA:157,0
DA:160,2
DA:161,0
DA:162,0
DA:163,0
DA:164,0
DA:166,0
DA:169,2
DA:177,3
DA:178,0
DA:179,0
DA:180,0
DA:188,2
DA:191,2
DA:192,2
DA:194,0
DA:195,0
DA:196,0
DA:199,0
DA:200,0
DA:201,0
DA:202,0
DA:203,0
DA:206,0
DA:207,0
DA:209,0
DA:210,0
DA:211,0
DA:214,0
DA:215,0
DA:219,2
DA:229,1
DA:230,0
DA:233,1
DA:234,0
DA:237,1
DA:240,1
DA:247,1
DA:248,1
DA:249,1
DA:257,1
DA:258,1
DA:260,1
DA:262,1
DA:264,0
DA:265,0
DA:266,0
DA:268,0
DA:271,1
DA:272,1
DA:274,1
DA:282,0
DA:284,0
DA:285,0
DA:286,0
DA:287,0
DA:288,0
DA:290,0
DA:294,0
DA:303,0
DA:304,0
DA:306,0
DA:307,0
DA:310,0
DA:312,0
DA:319,0
DA:321,0
DA:323,0
DA:325,0
DA:326,0
DA:335,0
DA:338,0
DA:341,0
DA:342,0
DA:344,0
DA:345,0
DA:346,0
DA:347,0
DA:348,0
DA:349,0
DA:351,0
DA:361,0
DA:368,0
DA:371,0
DA:372,0
DA:374,0
DA:375,0
DA:376,0
DA:377,0
DA:380,0
DA:381,0
DA:382,0
DA:383,0
DA:384,0
DA:385,0
DA:387,0
DA:405,0
DA:408,0
DA:409,0
DA:411,0
DA:412,0
DA:413,0
DA:414,0
DA:424,0
DA:427,0
DA:434,0
DA:435,0
DA:437,0
DA:438,0
DA:439,0
DA:440,0
DA:442,0
DA:457,1
DA:459,1
DA:462,0
DA:464,0
DA:470,1
DA:482,0
DA:485,0
DA:492,0
DA:495,0
DA:502,0
DA:505,0
DA:514,0
DA:516,0
DA:518,0
DA:519,0
DA:523,0
DA:524,0
DA:527,0
DA:528,0
DA:533,0
DA:536,0
DA:538,0
DA:540,0
DA:541,0
DA:552,0
DA:553,0
DA:554,0
DA:558,0
DA:559,0
DA:560,0
DA:563,0
DA:572,0
DA:573,0
DA:574,0
DA:583,0
DA:585,0
DA:597,0
DA:598,0
DA:599,0
DA:602,0
DA:603,0
DA:604,0
DA:605,0
DA:607,0
DA:608,0
DA:610,0
DA:611,0
DA:614,0
DA:615,0
DA:616,0
DA:617,0
DA:619,0
DA:620,0
DA:621,0
DA:622,0
DA:623,0
DA:624,0
DA:625,0
DA:627,0
DA:629,0
DA:630,0
DA:638,0
DA:639,0
DA:640,0
DA:643,0
DA:650,0
DA:651,0
DA:653,0
DA:655,0
DA:656,0
DA:657,0
DA:658,0
DA:661,0
DA:664,0
DA:665,0
DA:666,0
DA:670,0
DA:671,0
DA:672,0
DA:673,0
DA:677,0
DA:678,0
DA:679,0
DA:683,0
DA:684,0
DA:687,0
DA:688,0
DA:689,0
DA:694,0
DA:695,0
DA:697,0
DA:704,0
DA:705,0
DA:706,0
DA:707,0
DA:717,27
DA:718,27
DA:721,27
DA:722,0
DA:723,0
DA:725,0
DA:729,27
DA:736,17
DA:743,6
DA:750,3
DA:751,3
DA:753,3
DA:755,8
DA:756,8
DA:759,3
DA:773,36
DA:774,0
DA:778,36
DA:779,1
DA:782,36
DA:786,1
LF:281
LH:78
BRDA:17,0,0,5
BRDA:21,1,0,31
BRDA:21,1,1,5
BRDA:22,2,0,31
BRDA:22,2,1,5
BRDA:23,3,0,31
BRDA:23,3,1,5
BRDA:24,4,0,31
BRDA:24,4,1,31
BRDA:25,5,0,31
BRDA:25,5,1,31
BRDA:36,6,0,36
BRDA:36,7,0,35
BRDA:36,8,0,36
BRDA:61,9,0,37
BRDA:61,9,1,37
BRDA:62,10,0,37
BRDA:62,10,1,37
BRDA:63,11,0,37
BRDA:63,11,1,37
BRDA:78,12,0,1
BRDA:78,12,1,3
BRDA:84,13,0,0
BRDA:84,13,1,3
BRDA:102,14,0,0
BRDA:102,14,1,2
BRDA:107,15,0,0
BRDA:107,15,1,2
BRDA:109,16,0,0
BRDA:109,16,1,0
BRDA:109,17,0,0
BRDA:109,17,1,0
BRDA:109,17,2,0
BRDA:126,18,0,0
BRDA:126,18,1,2
BRDA:143,19,0,2
BRDA:143,19,1,0
BRDA:145,20,0,0
BRDA:145,20,1,0
BRDA:163,21,0,0
BRDA:163,21,1,0
BRDA:177,22,0,0
BRDA:177,22,1,3
BRDA:187,23,0,1
BRDA:188,24,0,2
BRDA:188,24,1,1
BRDA:200,25,0,0
BRDA:200,25,1,0
BRDA:229,26,0,0
BRDA:229,26,1,1
BRDA:247,27,0,1
BRDA:247,27,1,0
BRDA:258,28,0,0
BRDA:258,28,1,1
BRDA:304,29,0,0
BRDA:304,29,1,0
BRDA:306,30,0,0
BRDA:306,30,1,0
BRDA:342,31,0,0
BRDA:342,31,1,0
BRDA:344,32,0,0
BRDA:344,32,1,0
BRDA:352,33,0,0
BRDA:352,33,1,0
BRDA:361,34,0,0
BRDA:361,34,1,0
BRDA:376,35,0,0
BRDA:376,35,1,0
BRDA:380,36,0,0
BRDA:380,36,1,0
BRDA:381,37,0,0
BRDA:381,37,1,0
BRDA:382,38,0,0
BRDA:382,38,1,0
BRDA:384,39,0,0
BRDA:384,39,1,0
BRDA:385,40,0,0
BRDA:385,40,1,0
BRDA:412,41,0,0
BRDA:412,41,1,0
BRDA:462,42,0,0
BRDA:462,42,1,0
BRDA:466,43,0,0
BRDA:466,43,1,0
BRDA:513,44,0,0
BRDA:523,45,0,0
BRDA:523,45,1,0
BRDA:523,46,0,0
BRDA:523,46,1,0
BRDA:527,47,0,0
BRDA:527,47,1,0
BRDA:534,48,0,0
BRDA:534,48,1,0
BRDA:553,49,0,0
BRDA:553,49,1,0
BRDA:564,50,0,0
BRDA:564,50,1,0
BRDA:565,51,0,0
BRDA:565,51,1,0
BRDA:566,52,0,0
BRDA:566,52,1,0
BRDA:567,53,0,0
BRDA:567,53,1,0
BRDA:568,54,0,0
BRDA:568,54,1,0
BRDA:572,55,0,0
BRDA:572,55,1,0
BRDA:576,56,0,0
BRDA:576,56,1,0
BRDA:578,57,0,0
BRDA:578,57,1,0
BRDA:597,58,0,0
BRDA:597,58,1,0
BRDA:597,58,2,0
BRDA:598,59,0,0
BRDA:598,59,1,0
BRDA:598,60,0,0
BRDA:598,60,1,0
BRDA:604,61,0,0
BRDA:604,61,1,0
BRDA:605,62,0,0
BRDA:605,62,1,0
BRDA:608,63,0,0
BRDA:608,63,1,0
BRDA:614,64,0,0
BRDA:614,64,1,0
BRDA:616,65,0,0
BRDA:616,65,1,0
BRDA:619,66,0,0
BRDA:619,66,1,0
BRDA:619,67,0,0
BRDA:619,67,1,0
BRDA:620,68,0,0
BRDA:620,68,1,0
BRDA:622,69,0,0
BRDA:622,69,1,0
BRDA:622,70,0,0
BRDA:622,70,1,0
BRDA:623,71,0,0
BRDA:623,71,1,0
BRDA:624,72,0,0
BRDA:624,72,1,0
BRDA:629,73,0,0
BRDA:629,73,1,0
BRDA:656,74,0,0
BRDA:656,74,1,0
BRDA:658,75,0,0
BRDA:658,75,1,0
BRDA:664,76,0,0
BRDA:664,76,1,0
BRDA:666,77,0,0
BRDA:666,77,1,0
BRDA:670,78,0,0
BRDA:670,78,1,0
BRDA:672,79,0,0
BRDA:672,79,1,0
BRDA:673,80,0,0
BRDA:673,80,1,0
BRDA:677,81,0,0
BRDA:677,81,1,0
BRDA:684,82,0,0
BRDA:684,82,1,0
BRDA:687,83,0,0
BRDA:687,83,1,0
BRDA:718,84,0,0
BRDA:718,84,1,27
BRDA:721,85,0,0
BRDA:721,85,1,27
BRDA:723,86,0,0
BRDA:723,86,1,0
BRDA:756,87,0,8
BRDA:756,87,1,4
BRF:172
BRH:38
end_of_record
TN:
SF:logs/log_manager.js
FN:13,(anonymous_0)
FN:32,(anonymous_1)
FN:37,(anonymous_2)
FN:50,(anonymous_3)
FN:64,(anonymous_4)
FN:77,(anonymous_5)
FN:109,(anonymous_6)
FN:124,(anonymous_7)
FN:130,(anonymous_8)
FN:134,(anonymous_9)
FN:139,(anonymous_10)
FN:142,(anonymous_11)
FN:147,(anonymous_12)
FN:152,(anonymous_13)
FN:158,(anonymous_14)
FN:166,(anonymous_15)
FN:167,(anonymous_16)
FN:173,(anonymous_17)
FN:196,(anonymous_18)
FN:207,(anonymous_19)
FN:214,(anonymous_20)
FN:219,(anonymous_21)
FN:224,(anonymous_22)
FN:254,(anonymous_23)
FN:257,(anonymous_24)
FN:266,(anonymous_25)
FN:283,(anonymous_26)
FN:289,(anonymous_27)
FN:311,(anonymous_28)
FN:324,(anonymous_29)
FN:335,(anonymous_30)
FN:347,(anonymous_31)
FN:365,(anonymous_32)
FN:369,(anonymous_33)
FN:370,(anonymous_34)
FN:378,(anonymous_35)
FN:379,(anonymous_36)
FN:388,(anonymous_37)
FN:435,(anonymous_38)
FN:443,(anonymous_39)
FN:454,(anonymous_40)
FN:458,(anonymous_41)
FN:459,(anonymous_42)
FN:468,(anonymous_43)
FN:498,(anonymous_44)
FNF:45
FNH:38
FNDA:47,(anonymous_0)
FNDA:1,(anonymous_1)
FNDA:47,(anonymous_2)
FNDA:24,(anonymous_3)
FNDA:15,(anonymous_4)
FNDA:0,(anonymous_5)
FNDA:2,(anonymous_6)
FNDA:14,(anonymous_7)
FNDA:0,(anonymous_8)
FNDA:0,(anonymous_9)
FNDA:5,(anonymous_10)
FNDA:5,(anonymous_11)
FNDA:5,(anonymous_12)
FNDA:7,(anonymous_13)
FNDA:5,(anonymous_14)
FNDA:5,(anonymous_15)
FNDA:5,(anonymous_16)
FNDA:33,(anonymous_17)
FNDA:0,(anonymous_18)
FNDA:0,(anonymous_19)
FNDA:1,(anonymous_20)
FNDA:1,(anonymous_21)
FNDA:2,(anonymous_22)
FNDA:4,(anonymous_23)
FNDA:4,(anonymous_24)
FNDA:0,(anonymous_25)
FNDA:1,(anonymous_26)
FNDA:2,(anonymous_27)
FNDA:4,(anonymous_28)
FNDA:3,(anonymous_29)
FNDA:1,(anonymous_30)
FNDA:12,(anonymous_31)
FNDA:3,(anonymous_32)
FNDA:2,(anonymous_33)
FNDA:1,(anonymous_34)
FNDA:2,(anonymous_35)
FNDA:1,(anonymous_36)
FNDA:19,(anonymous_37)
FNDA:6,(anonymous_38)
FNDA:2,(anonymous_39)
FNDA:2,(anonymous_40)
FNDA:2,(anonymous_41)
FNDA:1,(anonymous_42)
FNDA:1,(anonymous_43)
FNDA:0,(anonymous_44)
DA:7,1
DA:8,1
DA:9,1
DA:10,1
DA:14,47
DA:15,47
DA:16,47
DA:17,47
DA:20,47
DA:21,47
DA:22,47
DA:25,47
DA:26,47
DA:28,47
DA:33,1
DA:34,1
DA:38,47
DA:39,47
DA:40,0
DA:41,0
DA:42,0
DA:43,0
DA:46,0
DA:51,24
DA:52,24
DA:57,24
DA:59,0
DA:65,15
DA:77,15
DA:78,0
DA:83,15
DA:84,15
DA:88,15
DA:91,15
DA:92,1
DA:96,15
DA:97,1
DA:101,15
DA:102,0
DA:105,15
DA:110,2
DA:112,2
DA:114,2
DA:119,0
DA:125,14
DA:128,14
DA:129,0
DA:130,0
DA:132,14
DA:133,0
DA:134,0
DA:138,14
DA:139,5
DA:141,14
DA:142,5
DA:146,14
DA:147,5
DA:151,14
DA:152,7
DA:156,14
DA:157,1
DA:158,1
DA:159,5
DA:165,14
DA:166,1
DA:167,5
DA:172,14
DA:173,14
DA:174,33
DA:175,33
DA:176,33
DA:180,14
DA:181,14
DA:182,1
DA:184,14
DA:185,4
DA:188,14
DA:197,0
DA:198,0
DA:199,0
DA:201,0
DA:202,0
DA:210,0
DA:215,1
DA:220,1
DA:225,2
DA:226,2
DA:227,2
DA:229,2
DA:239,2
DA:240,4
DA:243,4
DA:246,4
DA:249,4
DA:250,4
DA:254,2
DA:255,4
DA:257,4
DA:258,2
DA:262,2
DA:267,0
DA:268,0
DA:270,0
DA:271,0
DA:284,1
DA:285,1
DA:286,1
DA:288,1
DA:289,2
DA:290,1
DA:292,1
DA:293,1
DA:294,1
DA:297,1
DA:298,1
DA:300,0
DA:304,1
DA:312,4
DA:325,3
DA:326,3
DA:328,3
DA:336,1
DA:337,1
DA:339,0
DA:348,12
DA:360,12
DA:361,12
DA:362,12
DA:366,3
DA:370,2
DA:371,2
DA:373,1
DA:374,1
DA:375,1
DA:379,2
DA:380,2
DA:382,1
DA:383,1
DA:384,1
DA:389,19
DA:390,6
DA:392,5
DA:395,5
DA:397,4
DA:398,1
DA:399,1
DA:400,1
DA:402,0
DA:405,3
DA:409,4
DA:410,1
DA:414,5
DA:417,3
DA:420,3
DA:421,3
DA:436,6
DA:443,6
DA:444,6
DA:445,1
DA:447,5
DA:450,6
DA:451,6
DA:455,2
DA:459,2
DA:460,2
DA:462,1
DA:463,1
DA:464,1
DA:469,1
DA:470,1
DA:471,1
DA:478,1
DA:479,10
DA:480,10
DA:481,10
DA:483,10
DA:493,1
DA:494,1
DA:499,0
DA:500,0
DA:501,0
DA:503,0
DA:504,0
DA:509,1
LF:184
LH:153
BRDA:14,0,0,47
BRDA:14,0,1,0
BRDA:39,1,0,0
BRDA:39,1,1,47
BRDA:41,2,0,0
BRDA:41,2,1,0
BRDA:42,3,0,0
BRDA:42,3,1,0
BRDA:43,4,0,0
BRDA:43,4,1,0
BRDA:67,5,0,15
BRDA:67,5,1,5
BRDA:68,6,0,15
BRDA:68,6,1,2
BRDA:70,7,0,15
BRDA:70,7,1,2
BRDA:71,8,0,15
BRDA:71,8,1,5
BRDA:72,9,0,15
BRDA:72,9,1,15
BRDA:73,10,0,15
BRDA:73,10,1,5
BRDA:83,11,0,15
BRDA:83,11,1,0
BRDA:91,12,0,1
BRDA:91,12,1,14
BRDA:96,13,0,1
BRDA:96,13,1,14
BRDA:96,14,0,15
BRDA:96,14,1,15
BRDA:101,15,0,0
BRDA:101,15,1,15
BRDA:109,16,0,0
BRDA:112,17,0,2
BRDA:112,17,1,0
BRDA:124,18,0,0
BRDA:128,19,0,0
BRDA:128,19,1,14
BRDA:132,20,0,0
BRDA:132,20,1,14
BRDA:138,21,0,1
BRDA:138,21,1,13
BRDA:141,22,0,1
BRDA:141,22,1,13
BRDA:141,23,0,14
BRDA:141,23,1,1
BRDA:146,24,0,1
BRDA:146,24,1,13
BRDA:151,25,0,2
BRDA:151,25,1,12
BRDA:156,26,0,1
BRDA:156,26,1,13
BRDA:159,27,0,5
BRDA:159,27,1,4
BRDA:159,27,2,4
BRDA:165,28,0,1
BRDA:165,28,1,13
BRDA:165,29,0,14
BRDA:165,29,1,1
BRDA:172,30,0,1
BRDA:172,30,1,13
BRDA:181,31,0,1
BRDA:181,31,1,13
BRDA:184,32,0,4
BRDA:184,32,1,10
BRDA:196,33,0,0
BRDA:207,34,0,0
BRDA:214,35,0,1
BRDA:219,36,0,0
BRDA:243,37,0,4
BRDA:243,37,1,3
BRDA:246,38,0,4
BRDA:246,38,1,3
BRDA:249,39,0,3
BRDA:249,39,1,1
BRDA:250,40,0,4
BRDA:250,40,1,0
BRDA:258,41,0,2
BRDA:258,41,1,0
BRDA:292,42,0,1
BRDA:292,42,1,0
BRDA:315,43,0,4
BRDA:315,43,1,4
BRDA:325,44,0,3
BRDA:325,44,1,0
BRDA:326,45,0,3
BRDA:326,45,1,0
BRDA:351,46,0,12
BRDA:351,46,1,10
BRDA:352,47,0,12
BRDA:352,47,1,5
BRDA:353,48,0,12
BRDA:353,48,1,10
BRDA:354,49,0,12
BRDA:354,49,1,5
BRDA:355,50,0,12
BRDA:355,50,1,11
BRDA:371,51,0,1
BRDA:371,51,1,1
BRDA:380,52,0,1
BRDA:380,52,1,1
BRDA:390,53,0,1
BRDA:390,53,1,5
BRDA:395,54,0,4
BRDA:395,54,1,1
BRDA:397,55,0,1
BRDA:397,55,1,3
BRDA:409,56,0,1
BRDA:409,56,1,3
BRDA:409,57,0,4
BRDA:409,57,1,1
BRDA:414,58,0,3
BRDA:414,58,1,2
BRDA:420,59,0,3
BRDA:420,59,1,0
BRDA:437,60,0,6
BRDA:437,60,1,5
BRDA:439,61,0,6
BRDA:439,61,1,0
BRDA:444,62,0,1
BRDA:444,62,1,5
BRDA:460,63,0,1
BRDA:460,63,1,1
BRDA:468,64,0,0
BRF:124
BRH:98
end_of_record
TN:
SF:logs/storage_backends.js
FN:20,(anonymous_0)
FN:41,(anonymous_1)
FN:45,(anonymous_2)
FN:49,(anonymous_3)
FN:53,(anonymous_4)
FN:57,(anonymous_5)
FN:61,(anonymous_6)
FN:65,(anonymous_7)
FN:72,(anonymous_8)
FN:80,(anonymous_9)
FN:91,(anonymous_10)
FN:99,(anonymous_11)
FN:104,(anonymous_12)
FN:109,(anonymous_13)
FN:114,(anonymous_14)
FN:118,(anonymous_15)
FN:121,(anonymous_16)
FN:124,(anonymous_17)
FN:127,(anonymous_18)
FN:131,(anonymous_19)
FN:135,(anonymous_20)
FN:143,(anonymous_21)
FN:165,(anonymous_22)
FN:166,(anonymous_23)
FN:172,(anonymous_24)
FN:176,(anonymous_25)
FN:182,(anonymous_26)
FN:189,(anonymous_27)
FN:194,(anonymous_28)
FN:205,(anonymous_29)
FN:238,(anonymous_30)
FN:239,(anonymous_31)
FN:257,(anonymous_32)
FN:259,(anonymous_33)
FN:260,(anonymous_34)
FN:279,(anonymous_35)
FN:294,(anonymous_36)
FN:319,(anonymous_37)
FN:324,(anonymous_38)
FN:354,(anonymous_39)
FN:365,(anonymous_40)
FN:377,(anonymous_41)
FN:382,(anonymous_42)
FN:387,(anonymous_43)
FN:388,(anonymous_44)
FN:399,(anonymous_45)
FN:401,(anonymous_46)
FN:402,(anonymous_47)
FN:421,(anonymous_48)
FN:444,(anonymous_49)
FN:463,(anonymous_50)
FN:464,(anonymous_51)
FN:475,(anonymous_52)
FN:487,(anonymous_53)
FN:492,(anonymous_54)
FN:503,createStorageBackend
FNF:56
FNH:22
FNDA:25,(anonymous_0)
FNDA:23,(anonymous_1)
FNDA:0,(anonymous_2)
FNDA:0,(anonymous_3)
FNDA:0,(anonymous_4)
FNDA:0,(anonymous_5)
FNDA:0,(anonymous_6)
FNDA:0,(anonymous_7)
FNDA:19,(anonymous_8)
FNDA:19,(anonymous_9)
FNDA:3,(anonymous_10)
FNDA:1,(anonymous_11)
FNDA:2,(anonymous_12)
FNDA:2,(anonymous_13)
FNDA:7,(anonymous_14)
FNDA:0,(anonymous_15)
FNDA:0,(anonymous_16)
FNDA:3,(anonymous_17)
FNDA:3,(anonymous_18)
FNDA:3,(anonymous_19)
FNDA:16,(anonymous_20)
FNDA:2,(anonymous_21)
FNDA:4,(anonymous_22)
FNDA:4,(anonymous_23)
FNDA:2,(anonymous_24)
FNDA:3,(anonymous_25)
FNDA:1,(anonymous_26)
FNDA:2,(anonymous_27)
FNDA:0,(anonymous_28)
FNDA:0,(anonymous_29)
FNDA:0,(anonymous_30)
FNDA:0,(anonymous_31)
FNDA:0,(anonymous_32)
FNDA:0,(anonymous_33)
FNDA:0,(anonymous_34)
FNDA:0,(anonymous_35)
FNDA:0,(anonymous_36)
FNDA:0,(anonymous_37)
FNDA:0,(anonymous_38)
FNDA:0,(anonymous_39)
FNDA:0,(anonymous_40)
FNDA:2,(anonymous_41)
FNDA:0,(anonymous_42)
FNDA:0,(anonymous_43)
FNDA:0,(anonymous_44)
FNDA:0,(anonymous_45)
FNDA:0,(anonymous_46)
FNDA:0,(anonymous_47)
FNDA:0,(anonymous_48)
FNDA:0,(anonymous_49)
FNDA:0,(anonymous_50)
FNDA:0,(anonymous_51)
FNDA:0,(anonymous_52)
FNDA:0,(anonymous_53)
FNDA:0,(anonymous_54)
FNDA:7,createStorageBackend
DA:6,28
DA:7,28
DA:8,28
DA:9,28
DA:12,28
DA:21,25
DA:22,25
DA:23,25
DA:29,25
DA:42,23
DA:46,0
DA:50,0
DA:54,0
DA:58,0
DA:62,0
DA:66,0
DA:73,19
DA:74,19
DA:75,19
DA:76,19
DA:77,19
DA:81,19
DA:82,19
DA:83,19
DA:84,19
DA:87,0
DA:92,3
DA:93,3
DA:95,0
DA:100,1
DA:101,1
DA:105,2
DA:107,2
DA:108,2
DA:109,2
DA:110,2
DA:111,2
DA:115,7
DA:117,7
DA:118,0
DA:120,7
DA:121,0
DA:123,7
DA:124,3
DA:126,7
DA:127,3
DA:129,7
DA:130,1
DA:131,3
DA:134,7
DA:135,16
DA:137,7
DA:138,7
DA:140,7
DA:144,2
DA:145,2
DA:146,2
DA:148,2
DA:157,2
DA:158,4
DA:159,4
DA:160,4
DA:161,4
DA:162,4
DA:165,4
DA:166,4
DA:167,2
DA:169,2
DA:173,2
DA:174,2
DA:175,2
DA:176,3
DA:177,2
DA:178,2
DA:179,2
DA:183,1
DA:190,2
DA:191,2
DA:195,0
DA:196,0
DA:197,0
DA:198,0
DA:200,0
DA:201,0
DA:206,0
DA:207,0
DA:215,0
DA:216,0
DA:218,0
DA:219,0
DA:233,0
DA:239,0
DA:240,0
DA:241,0
DA:251,0
DA:252,0
DA:253,0
DA:256,0
DA:257,0
DA:258,0
DA:259,0
DA:260,0
DA:261,0
DA:262,0
DA:264,0
DA:265,0
DA:267,0
DA:273,0
DA:274,0
DA:275,0
DA:280,0
DA:290,0
DA:291,0
DA:295,0
DA:297,0
DA:298,0
DA:299,0
DA:300,0
DA:301,0
DA:303,0
DA:304,0
DA:305,0
DA:307,0
DA:309,0
DA:316,0
DA:318,0
DA:319,0
DA:325,0
DA:334,0
DA:335,0
DA:344,0
DA:345,0
DA:347,0
DA:348,0
DA:351,0
DA:355,0
DA:362,0
DA:366,0
DA:367,0
DA:368,0
DA:370,0
DA:378,2
DA:379,2
DA:383,0
DA:384,0
DA:388,0
DA:389,0
DA:390,0
DA:398,0
DA:399,0
DA:400,0
DA:401,0
DA:402,0
DA:403,0
DA:404,0
DA:406,0
DA:407,0
DA:409,0
DA:415,0
DA:416,0
DA:417,0
DA:422,0
DA:429,0
DA:434,0
DA:441,0
DA:445,0
DA:446,0
DA:447,0
DA:449,0
DA:450,0
DA:451,0
DA:454,0
DA:455,0
DA:457,0
DA:463,0
DA:464,0
DA:472,0
DA:477,0
DA:489,0
DA:493,0
DA:494,0
DA:495,0
DA:497,0
DA:504,7
DA:506,2
DA:508,2
DA:510,3
DA:514,28
LF:188
LH:75
BRDA:21,0,0,25
BRDA:21,0,1,0
BRDA:22,1,0,25
BRDA:22,1,1,1
BRDA:24,2,0,25
BRDA:24,2,1,25
BRDA:25,3,0,25
BRDA:25,3,1,25
BRDA:26,4,0,25
BRDA:26,4,1,25
BRDA:27,5,0,25
BRDA:27,5,1,25
BRDA:30,6,0,25
BRDA:30,6,1,25
BRDA:33,7,0,25
BRDA:33,7,1,0
BRDA:82,8,0,19
BRDA:82,8,1,0
BRDA:114,9,0,0
BRDA:117,10,0,0
BRDA:117,10,1,7
BRDA:120,11,0,0
BRDA:120,11,1,7
BRDA:123,12,0,1
BRDA:123,12,1,6
BRDA:126,13,0,1
BRDA:126,13,1,6
BRDA:129,14,0,1
BRDA:129,14,1,6
BRDA:134,15,0,1
BRDA:134,15,1,6
BRDA:137,16,0,1
BRDA:137,16,1,6
BRDA:138,17,0,1
BRDA:138,17,1,6
BRDA:159,18,0,4
BRDA:159,18,1,4
BRDA:160,19,0,4
BRDA:160,19,1,3
BRDA:161,20,0,3
BRDA:161,20,1,1
BRDA:162,21,0,4
BRDA:162,21,1,0
BRDA:167,22,0,2
BRDA:167,22,1,0
BRDA:178,23,0,1
BRDA:178,23,1,1
BRDA:218,24,0,0
BRDA:218,24,1,0
BRDA:238,25,0,0
BRDA:243,26,0,0
BRDA:243,26,1,0
BRDA:243,27,0,0
BRDA:243,27,1,0
BRDA:251,28,0,0
BRDA:251,28,1,0
BRDA:251,29,0,0
BRDA:251,29,1,0
BRDA:256,30,0,0
BRDA:256,30,1,0
BRDA:261,31,0,0
BRDA:261,31,1,0
BRDA:265,32,0,0
BRDA:265,32,1,0
BRDA:274,33,0,0
BRDA:274,33,1,0
BRDA:281,34,0,0
BRDA:281,34,1,0
BRDA:286,35,0,0
BRDA:286,35,1,0
BRDA:287,36,0,0
BRDA:287,36,1,0
BRDA:294,37,0,0
BRDA:297,38,0,0
BRDA:297,38,1,0
BRDA:297,39,0,0
BRDA:297,39,1,0
BRDA:299,40,0,0
BRDA:299,40,1,0
BRDA:300,41,0,0
BRDA:300,41,1,0
BRDA:303,42,0,0
BRDA:303,42,1,0
BRDA:304,43,0,0
BRDA:304,43,1,0
BRDA:305,44,0,0
BRDA:305,44,1,0
BRDA:307,45,0,0
BRDA:307,45,1,0
BRDA:311,46,0,0
BRDA:311,46,1,0
BRDA:312,47,0,0
BRDA:312,47,1,0
BRDA:313,48,0,0
BRDA:313,48,1,0
BRDA:319,49,0,0
BRDA:319,49,1,0
BRDA:320,50,0,0
BRDA:320,50,1,0
BRDA:334,51,0,0
BRDA:334,51,1,0
BRDA:336,52,0,0
BRDA:336,52,1,0
BRDA:344,53,0,0
BRDA:344,53,1,0
BRDA:347,54,0,0
BRDA:347,54,1,0
BRDA:362,55,0,0
BRDA:362,55,1,0
BRDA:387,56,0,0
BRDA:392,57,0,0
BRDA:392,57,1,0
BRDA:394,58,0,0
BRDA:394,58,1,0
BRDA:398,59,0,0
BRDA:398,59,1,0
BRDA:403,60,0,0
BRDA:403,60,1,0
BRDA:416,61,0,0
BRDA:416,61,1,0
BRDA:426,62,0,0
BRDA:426,62,1,0
BRDA:430,63,0,0
BRDA:430,63,1,0
BRDA:444,64,0,0
BRDA:446,65,0,0
BRDA:446,65,1,0
BRDA:447,66,0,0
BRDA:447,66,1,0
BRDA:450,67,0,0
BRDA:450,67,1,0
BRDA:454,68,0,0
BRDA:454,68,1,0
BRDA:455,69,0,0
BRDA:455,69,1,0
BRDA:463,70,0,0
BRDA:463,70,1,0
BRDA:467,71,0,0
BRDA:467,71,1,0
BRDA:468,72,0,0
BRDA:468,72,1,0
BRDA:503,73,0,0
BRDA:503,74,0,0
BRDA:504,75,0,2
BRDA:504,75,1,2
BRDA:504,75,2,3
BRDA:504,76,0,7
BRDA:504,76,1,0
BRF:148
BRH:43
end_of_record
TN:
SF:pipelines/pipeline_manager.js
FN:11,(anonymous_0)
FN:18,(anonymous_1)
FN:30,(anonymous_2)
FN:43,(anonymous_3)
FN:62,(anonymous_4)
FN:66,(anonymous_5)
FN:70,(anonymous_6)
FN:86,(anonymous_7)
FN:93,(anonymous_8)
FN:119,(anonymous_9)
FN:120,(anonymous_10)
FN:130,(anonymous_11)
FN:165,(anonymous_12)
FN:186,(anonymous_13)
FN:238,(anonymous_14)
FN:239,(anonymous_15)
FN:243,(anonymous_16)
FN:247,(anonymous_17)
FN:249,(anonymous_18)
FN:250,(anonymous_19)
FN:253,(anonymous_20)
FN:255,(anonymous_21)
FN:258,(anonymous_22)
FN:263,(anonymous_23)
FN:266,(anonymous_24)
FN:267,(anonymous_25)
FN:269,(anonymous_26)
FN:287,(anonymous_27)
FN:294,(anonymous_28)
FN:299,(anonymous_29)
FNF:30
FNH:17
FNDA:22,(anonymous_0)
FNDA:22,(anonymous_1)
FNDA:151,(anonymous_2)
FNDA:14,(anonymous_3)
FNDA:0,(anonymous_4)
FNDA:0,(anonymous_5)
FNDA:0,(anonymous_6)
FNDA:0,(anonymous_7)
FNDA:11,(anonymous_8)
FNDA:11,(anonymous_9)
FNDA:20,(anonymous_10)
FNDA:11,(anonymous_11)
FNDA:20,(anonymous_12)
FNDA:27,(anonymous_13)
FNDA:95,(anonymous_14)
FNDA:95,(anonymous_15)
FNDA:6,(anonymous_16)
FNDA:2,(anonymous_17)
FNDA:2,(anonymous_18)
FNDA:1,(anonymous_19)
FNDA:0,(anonymous_20)
FNDA:0,(anonymous_21)
FNDA:0,(anonymous_22)
FNDA:1,(anonymous_23)
FNDA:0,(anonymous_24)
FNDA:0,(anonymous_25)
FNDA:0,(anonymous_26)
FNDA:0,(anonymous_27)
FNDA:0,(anonymous_28)
FNDA:0,(anonymous_29)
DA:6,1
DA:7,1
DA:8,1
DA:12,22
DA:13,22
DA:14,22
DA:15,22
DA:19,22
DA:20,22
DA:21,0
DA:22,0
DA:23,0
DA:26,0
DA:31,151
DA:32,151
DA:36,151
DA:38,0
DA:44,14
DA:45,14
DA:57,14
DA:58,14
DA:59,14
DA:63,0
DA:67,0
DA:71,0
DA:72,0
DA:74,0
DA:81,0
DA:82,0
DA:83,0
DA:87,0
DA:88,0
DA:89,0
DA:94,11
DA:95,11
DA:97,11
DA:98,11
DA:110,11
DA:111,11
DA:114,11
DA:116,11
DA:120,20
DA:131,11
DA:132,11
DA:134,11
DA:135,20
DA:136,20
DA:137,20
DA:138,20
DA:139,20
DA:141,20
DA:142,20
DA:143,20
DA:144,20
DA:146,0
DA:147,0
DA:148,0
DA:149,0
DA:150,0
DA:151,0
DA:152,0
DA:155,20
DA:156,20
DA:159,11
DA:160,11
DA:161,11
DA:162,11
DA:167,20
DA:169,20
DA:170,75
DA:171,75
DA:172,75
DA:177,75
DA:178,75
DA:179,75
DA:183,20
DA:187,27
DA:235,27
DA:239,95
DA:244,6
DA:248,2
DA:249,2
DA:250,1
DA:254,0
DA:255,0
DA:259,0
DA:264,1
DA:265,1
DA:266,1
DA:267,1
DA:268,1
DA:270,0
DA:271,0
DA:273,0
DA:277,1
DA:288,0
DA:289,0
DA:290,0
DA:295,0
DA:296,0
DA:298,0
DA:299,0
DA:300,0
DA:301,0
DA:302,0
DA:304,0
DA:305,0
DA:306,0
DA:307,0
DA:310,0
DA:314,1
LF:111
LH:67
BRDA:12,0,0,22
BRDA:12,0,1,0
BRDA:20,1,0,0
BRDA:20,1,1,22
BRDA:22,2,0,0
BRDA:22,2,1,0
BRDA:23,3,0,0
BRDA:23,3,1,0
BRDA:44,4,0,14
BRDA:44,4,1,14
BRDA:48,5,0,14
BRDA:48,5,1,14
BRDA:49,6,0,14
BRDA:49,6,1,14
BRDA:50,7,0,14
BRDA:50,7,1,14
BRDA:51,8,0,14
BRDA:51,8,1,3
BRDA:52,9,0,14
BRDA:52,9,1,11
BRDA:72,10,0,0
BRDA:72,10,1,0
BRDA:88,11,0,0
BRDA:88,11,1,0
BRDA:93,12,0,0
BRDA:95,13,0,0
BRDA:95,13,1,11
BRDA:132,14,0,0
BRDA:132,14,1,11
BRDA:171,15,0,0
BRDA:171,15,1,75
BRDA:235,16,0,27
BRDA:235,16,1,1
BRDA:258,17,0,0
BRDA:268,18,0,0
BRDA:268,18,1,1
BRDA:270,19,0,0
BRDA:270,19,1,0
BRDA:270,20,0,0
BRDA:270,20,1,0
BRDA:281,21,0,0
BRDA:281,21,1,1
BRDA:289,22,0,0
BRDA:289,22,1,0
BRDA:296,23,0,0
BRDA:296,23,1,0
BRDA:298,24,0,0
BRDA:298,24,1,0
BRDA:300,25,0,0
BRDA:300,25,1,0
BRF:50
BRH:21
end_of_record
TN:
SF:scripts/discovery-test.js
FN:9,main
FNF:1
FNH:0
FNDA:0,main
DA:7,0
DA:10,0
DA:12,0
DA:17,0
DA:18,0
DA:20,0
DA:22,0
DA:23,0
DA:24,0
DA:26,0
DA:27,0
DA:28,0
DA:30,0
DA:31,0
DA:32,0
DA:33,0
DA:35,0
DA:38,0
DA:39,0
DA:40,0
DA:41,0
DA:43,0
DA:47,0
DA:48,0
DA:49,0
DA:50,0
DA:54,0
DA:58,0
LF:28
LH:0
BRDA:30,0,0,0
BRDA:30,0,1,0
BRDA:38,1,0,0
BRDA:38,1,1,0
BRF:4
BRH:0
end_of_record
TN:
SF:scripts/run-tests.js
FN:34,request
FN:35,(anonymous_1)
FN:48,(anonymous_2)
FN:50,(anonymous_3)
FN:51,(anonymous_4)
FN:74,log
FN:78,pass
FN:83,fail
FN:90,suite
FN:96,expectTrue
FN:109,expectFalse
FN:122,expectStatus
FN:138,testHealth
FN:141,(anonymous_13)
FN:150,testRetention
FN:153,(anonymous_15)
FN:158,(anonymous_16)
FN:163,(anonymous_17)
FN:168,(anonymous_18)
FN:177,testLogCrud
FN:182,(anonymous_20)
FN:191,(anonymous_21)
FN:193,(anonymous_22)
FN:196,(anonymous_23)
FN:205,testLogGeneration
FN:208,(anonymous_25)
FN:213,(anonymous_26)
FN:222,testAlerts
FN:225,(anonymous_28)
FN:235,(anonymous_29)
FN:240,(anonymous_30)
FN:242,(anonymous_31)
FN:249,testFilters
FN:252,(anonymous_33)
FN:260,(anonymous_34)
FN:269,testDevices
FN:274,(anonymous_36)
FN:289,testPipelines
FN:298,waitForServer
FN:308,(anonymous_39)
FN:313,main
FNF:41
FNH:0
FNDA:0,request
FNDA:0,(anonymous_1)
FNDA:0,(anonymous_2)
FNDA:0,(anonymous_3)
FNDA:0,(anonymous_4)
FNDA:0,log
FNDA:0,pass
FNDA:0,fail
FNDA:0,suite
FNDA:0,expectTrue
FNDA:0,expectFalse
FNDA:0,expectStatus
FNDA:0,testHealth
FNDA:0,(anonymous_13)
FNDA:0,testRetention
FNDA:0,(anonymous_15)
FNDA:0,(anonymous_16)
FNDA:0,(anonymous_17)
FNDA:0,(anonymous_18)
FNDA:0,testLogCrud
FNDA:0,(anonymous_20)
FNDA:0,(anonymous_21)
FNDA:0,(anonymous_22)
FNDA:0,(anonymous_23)
FNDA:0,testLogGeneration
FNDA:0,(anonymous_25)
FNDA:0,(anonymous_26)
FNDA:0,testAlerts
FNDA:0,(anonymous_28)
FNDA:0,(anonymous_29)
FNDA:0,(anonymous_30)
FNDA:0,(anonymous_31)
FNDA:0,testFilters
FNDA:0,(anonymous_33)
FNDA:0,(anonymous_34)
FNDA:0,testDevices
FNDA:0,(anonymous_36)
FNDA:0,testPipelines
FNDA:0,waitForServer
FNDA:0,(anonymous_39)
FNDA:0,main
DA:12,0
DA:13,0
DA:18,0
DA:19,0
DA:20,0
DA:21,0
DA:22,0
DA:24,0
DA:25,0
DA:26,0
DA:27,0
DA:28,0
DA:35,0
DA:36,0
DA:37,0
DA:38,0
DA:40,0
DA:48,0
DA:49,0
DA:50,0
DA:51,0
DA:52,0
DA:53,0
DA:54,0
DA:56,0
DA:61,0
DA:62,0
DA:63,0
DA:70,0
DA:71,0
DA:72,0
DA:75,0
DA:79,0
DA:80,0
DA:84,0
DA:85,0
DA:86,0
DA:87,0
DA:91,0
DA:92,0
DA:93,0
DA:97,0
DA:98,0
DA:99,0
DA:100,0
DA:102,0
DA:105,0
DA:110,0
DA:111,0
DA:112,0
DA:113,0
DA:115,0
DA:118,0
DA:123,0
DA:124,0
DA:125,0
DA:126,0
DA:128,0
DA:131,0
DA:139,0
DA:141,0
DA:142,0
DA:143,0
DA:151,0
DA:153,0
DA:154,0
DA:155,0
DA:158,0
DA:159,0
DA:160,0
DA:163,0
DA:164,0
DA:165,0
DA:168,0
DA:169,0
DA:170,0
DA:178,0
DA:180,0
DA:182,0
DA:183,0
DA:188,0
DA:191,0
DA:192,0
DA:193,0
DA:196,0
DA:197,0
DA:198,0
DA:206,0
DA:208,0
DA:209,0
DA:210,0
DA:213,0
DA:214,0
DA:215,0
DA:223,0
DA:225,0
DA:226,0
DA:232,0
DA:235,0
DA:236,0
DA:237,0
DA:240,0
DA:241,0
DA:242,0
DA:250,0
DA:252,0
DA:253,0
DA:257,0
DA:260,0
DA:261,0
DA:262,0
DA:270,0
DA:272,0
DA:274,0
DA:275,0
DA:276,0
DA:282,0
DA:290,0
DA:292,0
DA:299,0
DA:300,0
DA:301,0
DA:302,0
DA:303,0
DA:304,0
DA:305,0
DA:308,0
DA:310,0
DA:314,0
DA:315,0
DA:316,0
DA:317,0
DA:318,0
DA:320,0
DA:321,0
DA:323,0
DA:324,0
DA:325,0
DA:326,0
DA:327,0
DA:328,0
DA:329,0
DA:330,0
DA:332,0
DA:333,0
DA:334,0
DA:336,0
DA:338,0
DA:339,0
DA:343,0
LF:150
LH:0
BRDA:25,0,0,0
BRDA:25,0,1,0
BRDA:25,1,0,0
BRDA:25,1,1,0
BRDA:26,2,0,0
BRDA:26,2,1,0
BRDA:26,3,0,0
BRDA:26,3,1,0
BRDA:27,4,0,0
BRDA:27,4,1,0
BRDA:28,5,0,0
BRDA:28,5,1,0
BRDA:34,6,0,0
BRDA:38,7,0,0
BRDA:38,7,1,0
BRDA:42,8,0,0
BRDA:42,8,1,0
BRDA:42,9,0,0
BRDA:42,9,1,0
BRDA:62,10,0,0
BRDA:62,10,1,0
BRDA:75,11,0,0
BRDA:75,11,1,0
BRDA:86,12,0,0
BRDA:86,12,1,0
BRDA:87,13,0,0
BRDA:87,13,1,0
BRDA:99,14,0,0
BRDA:99,14,1,0
BRDA:99,15,0,0
BRDA:99,15,1,0
BRDA:99,15,2,0
BRDA:112,16,0,0
BRDA:112,16,1,0
BRDA:112,17,0,0
BRDA:112,17,1,0
BRDA:112,17,2,0
BRDA:122,18,0,0
BRDA:125,19,0,0
BRDA:125,19,1,0
BRDA:143,20,0,0
BRDA:143,20,1,0
BRDA:155,21,0,0
BRDA:155,21,1,0
BRDA:155,21,2,0
BRDA:160,22,0,0
BRDA:160,22,1,0
BRDA:165,23,0,0
BRDA:165,23,1,0
BRDA:170,24,0,0
BRDA:170,24,1,0
BRDA:170,24,2,0
BRDA:188,25,0,0
BRDA:188,25,1,0
BRDA:193,26,0,0
BRDA:193,26,1,0
BRDA:198,27,0,0
BRDA:198,27,1,0
BRDA:198,27,2,0
BRDA:210,28,0,0
BRDA:210,28,1,0
BRDA:215,29,0,0
BRDA:215,29,1,0
BRDA:232,30,0,0
BRDA:232,30,1,0
BRDA:237,31,0,0
BRDA:237,31,1,0
BRDA:242,32,0,0
BRDA:242,32,1,0
BRDA:257,33,0,0
BRDA:257,33,1,0
BRDA:262,34,0,0
BRDA:262,34,1,0
BRDA:282,35,0,0
BRDA:282,35,1,0
BRDA:303,36,0,0
BRDA:303,36,1,0
BRDA:336,37,0,0
BRDA:336,37,1,0
BRF:79
BRH:0
end_of_record
TN:
SF:test/jest.config.js
FNF:0
FNH:0
DA:1,0
LF:1
LH:0
BRF:0
BRH:0
end_of_record
TN:
SF:test-physical-hosts/mock_agent.js
FN:27,writeToInfluxDB
FN:78,collectMockMetrics
FN:120,formatUptime
FN:131,generatePrometheusMetrics
FN:178,(anonymous_4)
FN:212,main
FN:224,(anonymous_6)
FN:233,collectAndWrite
FNF:8
FNH:0
FNDA:0,writeToInfluxDB
FNDA:0,collectMockMetrics
FNDA:0,formatUptime
FNDA:0,generatePrometheusMetrics
FNDA:0,(anonymous_4)
FNDA:0,main
FNDA:0,(anonymous_6)
FNDA:0,collectAndWrite
DA:10,0
DA:11,0
DA:14,0
DA:15,0
DA:16,0
DA:17,0
DA:18,0
DA:19,0
DA:21,0
DA:28,0
DA:30,0
DA:33,0
DA:34,0
DA:38,0
DA:39,0
DA:43,0
DA:44,0
DA:47,0
DA:49,0
DA:51,0
DA:52,0
DA:53,0
DA:64,0
DA:65,0
DA:67,0
DA:70,0
DA:80,0
DA:81,0
DA:82,0
DA:83,0
DA:85,0
DA:117,0
DA:121,0
DA:122,0
DA:123,0
DA:124,0
DA:132,0
DA:133,0
DA:135,0
DA:136,0
DA:139,0
DA:140,0
DA:141,0
DA:145,0
DA:146,0
DA:147,0
DA:148,0
DA:149,0
DA:153,0
DA:154,0
DA:155,0
DA:159,0
DA:160,0
DA:163,0
DA:164,0
DA:168,0
DA:169,0
DA:171,0
DA:178,0
DA:179,0
DA:182,0
DA:183,0
DA:184,0
DA:185,0
DA:186,0
DA:190,0
DA:191,0
DA:192,0
DA:193,0
DA:197,0
DA:198,0
DA:199,0
DA:200,0
DA:204,0
DA:205,0
DA:213,0
DA:214,0
DA:215,0
DA:216,0
DA:217,0
DA:218,0
DA:219,0
DA:220,0
DA:223,0
DA:224,0
DA:225,0
DA:226,0
DA:227,0
DA:228,0
DA:229,0
DA:234,0
DA:236,0
DA:237,0
DA:238,0
DA:240,0
DA:241,0
DA:244,0
DA:247,0
DA:251,0
DA:254,0
DA:257,0
LF:101
LH:0
BRDA:14,0,0,0
BRDA:14,0,1,0
BRDA:15,1,0,0
BRDA:15,1,1,0
BRDA:16,2,0,0
BRDA:16,2,1,0
BRDA:17,3,0,0
BRDA:17,3,1,0
BRDA:18,4,0,0
BRDA:18,4,1,0
BRDA:19,5,0,0
BRDA:19,5,1,0
BRDA:33,6,0,0
BRDA:33,6,1,0
BRDA:34,7,0,0
BRDA:34,7,1,0
BRDA:34,8,0,0
BRDA:34,8,1,0
BRDA:34,9,0,0
BRDA:34,9,1,0
BRDA:34,10,0,0
BRDA:34,10,1,0
BRDA:34,11,0,0
BRDA:34,11,1,0
BRDA:38,12,0,0
BRDA:38,12,1,0
BRDA:39,13,0,0
BRDA:39,13,1,0
BRDA:39,14,0,0
BRDA:39,14,1,0
BRDA:39,15,0,0
BRDA:39,15,1,0
BRDA:39,16,0,0
BRDA:39,16,1,0
BRDA:43,17,0,0
BRDA:43,17,1,0
BRDA:44,18,0,0
BRDA:44,18,1,0
BRDA:47,19,0,0
BRDA:47,19,1,0
BRDA:64,20,0,0
BRDA:64,20,1,0
BRDA:90,21,0,0
BRDA:90,21,1,0
BRDA:139,22,0,0
BRDA:139,22,1,0
BRDA:141,23,0,0
BRDA:141,23,1,0
BRDA:145,24,0,0
BRDA:145,24,1,0
BRDA:147,25,0,0
BRDA:147,25,1,0
BRDA:149,26,0,0
BRDA:149,26,1,0
BRDA:153,27,0,0
BRDA:153,27,1,0
BRDA:155,28,0,0
BRDA:155,28,1,0
BRDA:182,29,0,0
BRDA:182,29,1,0
BRDA:182,30,0,0
BRDA:182,30,1,0
BRDA:190,31,0,0
BRDA:190,31,1,0
BRDA:190,32,0,0
BRDA:190,32,1,0
BRDA:197,33,0,0
BRDA:197,33,1,0
BRDA:197,34,0,0
BRDA:197,34,1,0
BRF:70
BRH:0
end_of_record
TN:
SF:test-physical-hosts/register_and_test.js
FN:3,main
FN:48,(anonymous_1)
FN:71,(anonymous_2)
FN:111,(anonymous_3)
FNF:4
FNH:0
FNDA:0,main
FNDA:0,(anonymous_1)
FNDA:0,(anonymous_2)
FNDA:0,(anonymous_3)
DA:1,0
DA:4,0
DA:10,0
DA:16,0
DA:17,0
DA:18,0
DA:20,0
DA:21,0
DA:22,0
DA:23,0
DA:25,0
DA:29,0
DA:30,0
DA:31,0
DA:33,0
DA:34,0
DA:35,0
DA:36,0
DA:37,0
DA:39,0
DA:43,0
DA:44,0
DA:45,0
DA:47,0
DA:48,0
DA:49,0
DA:50,0
DA:52,0
DA:56,0
DA:57,0
DA:58,0
DA:60,0
DA:61,0
DA:62,0
DA:63,0
DA:65,0
DA:66,0
DA:68,0
DA:69,0
DA:70,0
DA:71,0
DA:72,0
DA:75,0
DA:76,0
DA:79,0
DA:83,0
DA:84,0
DA:85,0
DA:87,0
DA:88,0
DA:89,0
DA:90,0
DA:92,0
DA:96,0
DA:97,0
DA:98,0
DA:100,0
DA:101,0
DA:102,0
DA:103,0
DA:104,0
DA:106,0
DA:107,0
DA:108,0
DA:110,0
DA:111,0
DA:112,0
DA:113,0
DA:114,0
DA:115,0
DA:116,0
DA:118,0
DA:121,0
DA:122,0
DA:125,0
LF:75
LH:0
BRDA:49,0,0,0
BRDA:49,0,1,0
BRDA:65,1,0,0
BRDA:65,1,1,0
BRDA:68,2,0,0
BRDA:68,2,1,0
BRDA:68,3,0,0
BRDA:68,3,1,0
BRDA:69,4,0,0
BRDA:69,4,1,0
BRDA:69,5,0,0
BRDA:69,5,1,0
BRDA:70,6,0,0
BRDA:70,6,1,0
BRDA:75,7,0,0
BRDA:75,7,1,0
BRDA:114,8,0,0
BRDA:114,8,1,0
BRDA:115,9,0,0
BRDA:115,9,1,0
BRF:20
BRH:0
end_of_record
TN:
SF:tests/setup.js
FN:21,(anonymous_0)
FN:23,(anonymous_1)
FNF:2
FNH:0
FNDA:0,(anonymous_0)
FNDA:0,(anonymous_1)
DA:4,0
DA:5,0
DA:8,0
DA:11,0
DA:21,0
DA:23,0
LF:6
LH:0
BRF:0
BRH:0
end_of_record
TN:
SF:tests/mocks/k8s-api.mock.js
FN:83,createKubectlMock
FN:101,(anonymous_1)
FN:125,mockKubectlExec
FN:170,setupMultiClusterMocks
FN:173,(anonymous_4)
FN:180,(anonymous_5)
FN:186,generateMultiClusterTestData
FNF:7
FNH:0
FNDA:0,createKubectlMock
FNDA:0,(anonymous_1)
FNDA:0,mockKubectlExec
FNDA:0,setupMultiClusterMocks
FNDA:0,(anonymous_4)
FNDA:0,(anonymous_5)
FNDA:0,generateMultiClusterTestData
DA:7,0
DA:84,0
DA:86,0
DA:101,0
DA:126,0
DA:128,0
DA:129,0
DA:132,0
DA:133,0
DA:136,0
DA:137,0
DA:140,0
DA:141,0
DA:144,0
DA:145,0
DA:148,0
DA:149,0
DA:152,0
DA:153,0
DA:156,0
DA:157,0
DA:160,0
DA:161,0
DA:164,0
DA:171,0
DA:173,0
DA:174,0
DA:180,0
DA:187,0
DA:227,0
LF:30
LH:0
BRDA:84,0,0,0
BRDA:84,0,1,0
BRDA:128,1,0,0
BRDA:128,1,1,0
BRDA:128,2,0,0
BRDA:128,2,1,0
BRDA:132,3,0,0
BRDA:132,3,1,0
BRDA:132,4,0,0
BRDA:132,4,1,0
BRDA:136,5,0,0
BRDA:136,5,1,0
BRDA:136,6,0,0
BRDA:136,6,1,0
BRDA:140,7,0,0
BRDA:140,7,1,0
BRDA:144,8,0,0
BRDA:144,8,1,0
BRDA:144,9,0,0
BRDA:144,9,1,0
BRDA:148,10,0,0
BRDA:148,10,1,0
BRDA:152,11,0,0
BRDA:152,11,1,0
BRDA:156,12,0,0
BRDA:156,12,1,0
BRDA:160,13,0,0
BRDA:160,13,1,0
BRF:28
BRH:0
end_of_record
